This is pdfTeX, Version 3.14159265-2.6-1.40.16 (TeX Live 2015/Debian) (preloaded format=pdflatex 2016.4.22)  4 MAY 2016 17:16
entering extended mode
 restricted \write18 enabled.
 %&-line parsing enabled.
**lab2.tex
(./lab2.tex
LaTeX2e <2016/02/01>
Babel <3.9q> and hyphenation patterns for 6 language(s) loaded.
(/usr/share/texlive/texmf-dist/tex/latex/base/article.cls
Document Class: article 2014/09/29 v1.4h Standard LaTeX document class
(/usr/share/texlive/texmf-dist/tex/latex/base/size12.clo
File: size12.clo 2014/09/29 v1.4h Standard LaTeX file (size option)
)
\c@part=\count79
\c@section=\count80
\c@subsection=\count81
\c@subsubsection=\count82
\c@paragraph=\count83
\c@subparagraph=\count84
\c@figure=\count85
\c@table=\count86
\abovecaptionskip=\skip41
\belowcaptionskip=\skip42
\bibindent=\dimen102
)
(/usr/share/texlive/texmf-dist/tex/latex/base/inputenc.sty
Package: inputenc 2015/03/17 v1.2c Input encoding file
\inpenc@prehook=\toks14
\inpenc@posthook=\toks15

(/usr/share/texlive/texmf-dist/tex/latex/base/utf8.def
File: utf8.def 2015/12/03 v1.1r UTF-8 support for inputenc
Now handling font encoding OML ...
... no UTF-8 mapping file for font encoding OML
Now handling font encoding T1 ...
... processing UTF-8 mapping file for font encoding T1

(/usr/share/texlive/texmf-dist/tex/latex/base/t1enc.dfu
File: t1enc.dfu 2015/12/03 v1.1r UTF-8 support for inputenc
   defining Unicode char U+00A0 (decimal 160)
   defining Unicode char U+00A1 (decimal 161)
   defining Unicode char U+00A3 (decimal 163)
   defining Unicode char U+00AB (decimal 171)
   defining Unicode char U+00AD (decimal 173)
   defining Unicode char U+00BB (decimal 187)
   defining Unicode char U+00BF (decimal 191)
   defining Unicode char U+00C0 (decimal 192)
   defining Unicode char U+00C1 (decimal 193)
   defining Unicode char U+00C2 (decimal 194)
   defining Unicode char U+00C3 (decimal 195)
   defining Unicode char U+00C4 (decimal 196)
   defining Unicode char U+00C5 (decimal 197)
   defining Unicode char U+00C6 (decimal 198)
   defining Unicode char U+00C7 (decimal 199)
   defining Unicode char U+00C8 (decimal 200)
   defining Unicode char U+00C9 (decimal 201)
   defining Unicode char U+00CA (decimal 202)
   defining Unicode char U+00CB (decimal 203)
   defining Unicode char U+00CC (decimal 204)
   defining Unicode char U+00CD (decimal 205)
   defining Unicode char U+00CE (decimal 206)
   defining Unicode char U+00CF (decimal 207)
   defining Unicode char U+00D0 (decimal 208)
   defining Unicode char U+00D1 (decimal 209)
   defining Unicode char U+00D2 (decimal 210)
   defining Unicode char U+00D3 (decimal 211)
   defining Unicode char U+00D4 (decimal 212)
   defining Unicode char U+00D5 (decimal 213)
   defining Unicode char U+00D6 (decimal 214)
   defining Unicode char U+00D8 (decimal 216)
   defining Unicode char U+00D9 (decimal 217)
   defining Unicode char U+00DA (decimal 218)
   defining Unicode char U+00DB (decimal 219)
   defining Unicode char U+00DC (decimal 220)
   defining Unicode char U+00DD (decimal 221)
   defining Unicode char U+00DE (decimal 222)
   defining Unicode char U+00DF (decimal 223)
   defining Unicode char U+00E0 (decimal 224)
   defining Unicode char U+00E1 (decimal 225)
   defining Unicode char U+00E2 (decimal 226)
   defining Unicode char U+00E3 (decimal 227)
   defining Unicode char U+00E4 (decimal 228)
   defining Unicode char U+00E5 (decimal 229)
   defining Unicode char U+00E6 (decimal 230)
   defining Unicode char U+00E7 (decimal 231)
   defining Unicode char U+00E8 (decimal 232)
   defining Unicode char U+00E9 (decimal 233)
   defining Unicode char U+00EA (decimal 234)
   defining Unicode char U+00EB (decimal 235)
   defining Unicode char U+00EC (decimal 236)
   defining Unicode char U+00ED (decimal 237)
   defining Unicode char U+00EE (decimal 238)
   defining Unicode char U+00EF (decimal 239)
   defining Unicode char U+00F0 (decimal 240)
   defining Unicode char U+00F1 (decimal 241)
   defining Unicode char U+00F2 (decimal 242)
   defining Unicode char U+00F3 (decimal 243)
   defining Unicode char U+00F4 (decimal 244)
   defining Unicode char U+00F5 (decimal 245)
   defining Unicode char U+00F6 (decimal 246)
   defining Unicode char U+00F8 (decimal 248)
   defining Unicode char U+00F9 (decimal 249)
   defining Unicode char U+00FA (decimal 250)
   defining Unicode char U+00FB (decimal 251)
   defining Unicode char U+00FC (decimal 252)
   defining Unicode char U+00FD (decimal 253)
   defining Unicode char U+00FE (decimal 254)
   defining Unicode char U+00FF (decimal 255)
   defining Unicode char U+0100 (decimal 256)
   defining Unicode char U+0101 (decimal 257)
   defining Unicode char U+0102 (decimal 258)
   defining Unicode char U+0103 (decimal 259)
   defining Unicode char U+0104 (decimal 260)
   defining Unicode char U+0105 (decimal 261)
   defining Unicode char U+0106 (decimal 262)
   defining Unicode char U+0107 (decimal 263)
   defining Unicode char U+0108 (decimal 264)
   defining Unicode char U+0109 (decimal 265)
   defining Unicode char U+010A (decimal 266)
   defining Unicode char U+010B (decimal 267)
   defining Unicode char U+010C (decimal 268)
   defining Unicode char U+010D (decimal 269)
   defining Unicode char U+010E (decimal 270)
   defining Unicode char U+010F (decimal 271)
   defining Unicode char U+0110 (decimal 272)
   defining Unicode char U+0111 (decimal 273)
   defining Unicode char U+0112 (decimal 274)
   defining Unicode char U+0113 (decimal 275)
   defining Unicode char U+0114 (decimal 276)
   defining Unicode char U+0115 (decimal 277)
   defining Unicode char U+0116 (decimal 278)
   defining Unicode char U+0117 (decimal 279)
   defining Unicode char U+0118 (decimal 280)
   defining Unicode char U+0119 (decimal 281)
   defining Unicode char U+011A (decimal 282)
   defining Unicode char U+011B (decimal 283)
   defining Unicode char U+011C (decimal 284)
   defining Unicode char U+011D (decimal 285)
   defining Unicode char U+011E (decimal 286)
   defining Unicode char U+011F (decimal 287)
   defining Unicode char U+0120 (decimal 288)
   defining Unicode char U+0121 (decimal 289)
   defining Unicode char U+0122 (decimal 290)
   defining Unicode char U+0123 (decimal 291)
   defining Unicode char U+0124 (decimal 292)
   defining Unicode char U+0125 (decimal 293)
   defining Unicode char U+0128 (decimal 296)
   defining Unicode char U+0129 (decimal 297)
   defining Unicode char U+012A (decimal 298)
   defining Unicode char U+012B (decimal 299)
   defining Unicode char U+012C (decimal 300)
   defining Unicode char U+012D (decimal 301)
   defining Unicode char U+012E (decimal 302)
   defining Unicode char U+012F (decimal 303)
   defining Unicode char U+0130 (decimal 304)
   defining Unicode char U+0131 (decimal 305)
   defining Unicode char U+0132 (decimal 306)
   defining Unicode char U+0133 (decimal 307)
   defining Unicode char U+0134 (decimal 308)
   defining Unicode char U+0135 (decimal 309)
   defining Unicode char U+0136 (decimal 310)
   defining Unicode char U+0137 (decimal 311)
   defining Unicode char U+0139 (decimal 313)
   defining Unicode char U+013A (decimal 314)
   defining Unicode char U+013B (decimal 315)
   defining Unicode char U+013C (decimal 316)
   defining Unicode char U+013D (decimal 317)
   defining Unicode char U+013E (decimal 318)
   defining Unicode char U+0141 (decimal 321)
   defining Unicode char U+0142 (decimal 322)
   defining Unicode char U+0143 (decimal 323)
   defining Unicode char U+0144 (decimal 324)
   defining Unicode char U+0145 (decimal 325)
   defining Unicode char U+0146 (decimal 326)
   defining Unicode char U+0147 (decimal 327)
   defining Unicode char U+0148 (decimal 328)
   defining Unicode char U+014A (decimal 330)
   defining Unicode char U+014B (decimal 331)
   defining Unicode char U+014C (decimal 332)
   defining Unicode char U+014D (decimal 333)
   defining Unicode char U+014E (decimal 334)
   defining Unicode char U+014F (decimal 335)
   defining Unicode char U+0150 (decimal 336)
   defining Unicode char U+0151 (decimal 337)
   defining Unicode char U+0152 (decimal 338)
   defining Unicode char U+0153 (decimal 339)
   defining Unicode char U+0154 (decimal 340)
   defining Unicode char U+0155 (decimal 341)
   defining Unicode char U+0156 (decimal 342)
   defining Unicode char U+0157 (decimal 343)
   defining Unicode char U+0158 (decimal 344)
   defining Unicode char U+0159 (decimal 345)
   defining Unicode char U+015A (decimal 346)
   defining Unicode char U+015B (decimal 347)
   defining Unicode char U+015C (decimal 348)
   defining Unicode char U+015D (decimal 349)
   defining Unicode char U+015E (decimal 350)
   defining Unicode char U+015F (decimal 351)
   defining Unicode char U+0160 (decimal 352)
   defining Unicode char U+0161 (decimal 353)
   defining Unicode char U+0162 (decimal 354)
   defining Unicode char U+0163 (decimal 355)
   defining Unicode char U+0164 (decimal 356)
   defining Unicode char U+0165 (decimal 357)
   defining Unicode char U+0168 (decimal 360)
   defining Unicode char U+0169 (decimal 361)
   defining Unicode char U+016A (decimal 362)
   defining Unicode char U+016B (decimal 363)
   defining Unicode char U+016C (decimal 364)
   defining Unicode char U+016D (decimal 365)
   defining Unicode char U+016E (decimal 366)
   defining Unicode char U+016F (decimal 367)
   defining Unicode char U+0170 (decimal 368)
   defining Unicode char U+0171 (decimal 369)
   defining Unicode char U+0172 (decimal 370)
   defining Unicode char U+0173 (decimal 371)
   defining Unicode char U+0174 (decimal 372)
   defining Unicode char U+0175 (decimal 373)
   defining Unicode char U+0176 (decimal 374)
   defining Unicode char U+0177 (decimal 375)
   defining Unicode char U+0178 (decimal 376)
   defining Unicode char U+0179 (decimal 377)
   defining Unicode char U+017A (decimal 378)
   defining Unicode char U+017B (decimal 379)
   defining Unicode char U+017C (decimal 380)
   defining Unicode char U+017D (decimal 381)
   defining Unicode char U+017E (decimal 382)
   defining Unicode char U+01CD (decimal 461)
   defining Unicode char U+01CE (decimal 462)
   defining Unicode char U+01CF (decimal 463)
   defining Unicode char U+01D0 (decimal 464)
   defining Unicode char U+01D1 (decimal 465)
   defining Unicode char U+01D2 (decimal 466)
   defining Unicode char U+01D3 (decimal 467)
   defining Unicode char U+01D4 (decimal 468)
   defining Unicode char U+01E2 (decimal 482)
   defining Unicode char U+01E3 (decimal 483)
   defining Unicode char U+01E6 (decimal 486)
   defining Unicode char U+01E7 (decimal 487)
   defining Unicode char U+01E8 (decimal 488)
   defining Unicode char U+01E9 (decimal 489)
   defining Unicode char U+01EA (decimal 490)
   defining Unicode char U+01EB (decimal 491)
   defining Unicode char U+01F0 (decimal 496)
   defining Unicode char U+01F4 (decimal 500)
   defining Unicode char U+01F5 (decimal 501)
   defining Unicode char U+0218 (decimal 536)
   defining Unicode char U+0219 (decimal 537)
   defining Unicode char U+021A (decimal 538)
   defining Unicode char U+021B (decimal 539)
   defining Unicode char U+01E02 (decimal 7682)
   defining Unicode char U+01E03 (decimal 7683)
   defining Unicode char U+200C (decimal 8204)
   defining Unicode char U+2013 (decimal 8211)
   defining Unicode char U+2014 (decimal 8212)
   defining Unicode char U+2018 (decimal 8216)
   defining Unicode char U+2019 (decimal 8217)
   defining Unicode char U+201A (decimal 8218)
   defining Unicode char U+201C (decimal 8220)
   defining Unicode char U+201D (decimal 8221)
   defining Unicode char U+201E (decimal 8222)
   defining Unicode char U+2030 (decimal 8240)
   defining Unicode char U+2031 (decimal 8241)
   defining Unicode char U+2039 (decimal 8249)
   defining Unicode char U+203A (decimal 8250)
   defining Unicode char U+2423 (decimal 9251)
)
Now handling font encoding OT1 ...
... processing UTF-8 mapping file for font encoding OT1

(/usr/share/texlive/texmf-dist/tex/latex/base/ot1enc.dfu
File: ot1enc.dfu 2015/12/03 v1.1r UTF-8 support for inputenc
   defining Unicode char U+00A0 (decimal 160)
   defining Unicode char U+00A1 (decimal 161)
   defining Unicode char U+00A3 (decimal 163)
   defining Unicode char U+00AD (decimal 173)
   defining Unicode char U+00B8 (decimal 184)
   defining Unicode char U+00BF (decimal 191)
   defining Unicode char U+00C5 (decimal 197)
   defining Unicode char U+00C6 (decimal 198)
   defining Unicode char U+00D8 (decimal 216)
   defining Unicode char U+00DF (decimal 223)
   defining Unicode char U+00E6 (decimal 230)
   defining Unicode char U+00EC (decimal 236)
   defining Unicode char U+00ED (decimal 237)
   defining Unicode char U+00EE (decimal 238)
   defining Unicode char U+00EF (decimal 239)
   defining Unicode char U+00F8 (decimal 248)
   defining Unicode char U+0131 (decimal 305)
   defining Unicode char U+0141 (decimal 321)
   defining Unicode char U+0142 (decimal 322)
   defining Unicode char U+0152 (decimal 338)
   defining Unicode char U+0153 (decimal 339)
   defining Unicode char U+0174 (decimal 372)
   defining Unicode char U+0175 (decimal 373)
   defining Unicode char U+0176 (decimal 374)
   defining Unicode char U+0177 (decimal 375)
   defining Unicode char U+0218 (decimal 536)
   defining Unicode char U+0219 (decimal 537)
   defining Unicode char U+021A (decimal 538)
   defining Unicode char U+021B (decimal 539)
   defining Unicode char U+2013 (decimal 8211)
   defining Unicode char U+2014 (decimal 8212)
   defining Unicode char U+2018 (decimal 8216)
   defining Unicode char U+2019 (decimal 8217)
   defining Unicode char U+201C (decimal 8220)
   defining Unicode char U+201D (decimal 8221)
)
Now handling font encoding OMS ...
... processing UTF-8 mapping file for font encoding OMS

(/usr/share/texlive/texmf-dist/tex/latex/base/omsenc.dfu
File: omsenc.dfu 2015/12/03 v1.1r UTF-8 support for inputenc
   defining Unicode char U+00A7 (decimal 167)
   defining Unicode char U+00B6 (decimal 182)
   defining Unicode char U+00B7 (decimal 183)
   defining Unicode char U+2020 (decimal 8224)
   defining Unicode char U+2021 (decimal 8225)
   defining Unicode char U+2022 (decimal 8226)
)
Now handling font encoding OMX ...
... no UTF-8 mapping file for font encoding OMX
Now handling font encoding U ...
... no UTF-8 mapping file for font encoding U
   defining Unicode char U+00A9 (decimal 169)
   defining Unicode char U+00AA (decimal 170)
   defining Unicode char U+00AE (decimal 174)
   defining Unicode char U+00BA (decimal 186)
   defining Unicode char U+02C6 (decimal 710)
   defining Unicode char U+02DC (decimal 732)
   defining Unicode char U+200C (decimal 8204)
   defining Unicode char U+2026 (decimal 8230)
   defining Unicode char U+2122 (decimal 8482)
   defining Unicode char U+2423 (decimal 9251)
))
(/usr/share/texlive/texmf-dist/tex/generic/babel/babel.sty
Package: babel 2016/02/24 3.9q The Babel package

(/usr/share/texlive/texmf-dist/tex/generic/babel-spanish/spanish.ldf
Language: spanish.ldf 2016/01/15 v5.0o Spanish support from the babel system

(/usr/share/texlive/texmf-dist/tex/generic/babel/babel.def
File: babel.def 2016/02/24 3.9q Babel common definitions
\babel@savecnt=\count87
\U@D=\dimen103
)
\es@quottoks=\toks16
\es@quotdepth=\count88
Package babel Info: Making " an active character on input line 533.
Package babel Info: Making . an active character on input line 634.
Package babel Info: Making < an active character on input line 679.
Package babel Info: Making > an active character on input line 679.
))
(/usr/share/texlive/texmf-dist/tex/latex/graphics/color.sty
Package: color 2016/01/03 v1.1b Standard LaTeX Color (DPC)

(/usr/share/texlive/texmf-dist/tex/latex/latexconfig/color.cfg
File: color.cfg 2007/01/18 v1.5 color configuration of teTeX/TeXLive
)
Package color Info: Driver file: pdftex.def on input line 143.

(/usr/share/texlive/texmf-dist/tex/latex/pdftex-def/pdftex.def
File: pdftex.def 2011/05/27 v0.06d Graphics/color for pdfTeX

(/usr/share/texlive/texmf-dist/tex/generic/oberdiek/infwarerr.sty
Package: infwarerr 2010/04/08 v1.3 Providing info/warning/error messages (HO)
)
(/usr/share/texlive/texmf-dist/tex/generic/oberdiek/ltxcmds.sty
Package: ltxcmds 2011/11/09 v1.22 LaTeX kernel commands for general use (HO)
)
\Gread@gobject=\count89
))
(/usr/share/texlive/texmf-dist/tex/latex/parskip/parskip.sty
Package: parskip 2001/04/09 non-zero parskip adjustments
)
(/usr/share/texlive/texmf-dist/tex/latex/graphics/graphicx.sty
Package: graphicx 2014/10/28 v1.0g Enhanced LaTeX Graphics (DPC,SPQR)

(/usr/share/texlive/texmf-dist/tex/latex/graphics/keyval.sty
Package: keyval 2014/10/28 v1.15 key=value parser (DPC)
\KV@toks@=\toks17
)
(/usr/share/texlive/texmf-dist/tex/latex/graphics/graphics.sty
Package: graphics 2016/01/03 v1.0q Standard LaTeX Graphics (DPC,SPQR)

(/usr/share/texlive/texmf-dist/tex/latex/graphics/trig.sty
Package: trig 2016/01/03 v1.10 sin cos tan (DPC)
)
(/usr/share/texlive/texmf-dist/tex/latex/latexconfig/graphics.cfg
File: graphics.cfg 2010/04/23 v1.9 graphics configuration of TeX Live
)
Package graphics Info: Driver file: pdftex.def on input line 95.
)
\Gin@req@height=\dimen104
\Gin@req@width=\dimen105
)
(/usr/share/texlive/texmf-dist/tex/latex/multirow/multirow.sty
\bigstrutjot=\dimen106
)
(/usr/share/texlive/texmf-dist/tex/latex/listings/listings.sty
\lst@mode=\count90
\lst@gtempboxa=\box26
\lst@token=\toks18
\lst@length=\count91
\lst@currlwidth=\dimen107
\lst@column=\count92
\lst@pos=\count93
\lst@lostspace=\dimen108
\lst@width=\dimen109
\lst@newlines=\count94
\lst@lineno=\count95
\lst@maxwidth=\dimen110

(/usr/share/texlive/texmf-dist/tex/latex/listings/lstmisc.sty
File: lstmisc.sty 2015/06/04 1.6 (Carsten Heinz)
\c@lstnumber=\count96
\lst@skipnumbers=\count97
\lst@framebox=\box27
)
(/usr/share/texlive/texmf-dist/tex/latex/listings/listings.cfg
File: listings.cfg 2015/06/04 1.6 listings configuration
))
Package: listings 2015/06/04 1.6 (Carsten Heinz)

(/usr/share/texlive/texmf-dist/tex/latex/vmargin/vmargin.sty
Package: vmargin 2004/07/15 V2.5 set document margins (VK)

Package: vmargin 2004/07/15 V2.5 set document margins (VK)
\PaperWidth=\dimen111
\PaperHeight=\dimen112
) (/usr/share/texlive/texmf-dist/tex/latex/float/float.sty
Package: float 2001/11/08 v1.3d Float enhancements (AL)
\c@float@type=\count98
\float@exts=\toks19
\float@box=\box28
\@float@everytoks=\toks20
\@floatcapt=\box29
)
(/usr/share/texlive/texmf-dist/tex/latex/oberdiek/epstopdf.sty
Package: epstopdf 2010/02/09 v2.5 Conversion with epstopdf on the fly (HO)

(/usr/share/texlive/texmf-dist/tex/latex/oberdiek/epstopdf-base.sty
Package: epstopdf-base 2010/02/09 v2.5 Base part for package epstopdf

(/usr/share/texlive/texmf-dist/tex/latex/oberdiek/grfext.sty
Package: grfext 2010/08/19 v1.1 Manage graphics extensions (HO)

(/usr/share/texlive/texmf-dist/tex/generic/oberdiek/kvdefinekeys.sty
Package: kvdefinekeys 2011/04/07 v1.3 Define keys (HO)
))
(/usr/share/texlive/texmf-dist/tex/latex/oberdiek/kvoptions.sty
Package: kvoptions 2011/06/30 v3.11 Key value format for package options (HO)

(/usr/share/texlive/texmf-dist/tex/generic/oberdiek/kvsetkeys.sty
Package: kvsetkeys 2012/04/25 v1.16 Key value parser (HO)

(/usr/share/texlive/texmf-dist/tex/generic/oberdiek/etexcmds.sty
Package: etexcmds 2011/02/16 v1.5 Avoid name clashes with e-TeX commands (HO)

(/usr/share/texlive/texmf-dist/tex/generic/oberdiek/ifluatex.sty
Package: ifluatex 2010/03/01 v1.3 Provides the ifluatex switch (HO)
Package ifluatex Info: LuaTeX not detected.
)
Package etexcmds Info: Could not find \expanded.
(etexcmds)             That can mean that you are not using pdfTeX 1.50 or
(etexcmds)             that some package has redefined \expanded.
(etexcmds)             In the latter case, load this package earlier.
)))
(/usr/share/texlive/texmf-dist/tex/generic/oberdiek/pdftexcmds.sty
Package: pdftexcmds 2011/11/29 v0.20 Utility functions of pdfTeX for LuaTeX (HO
)

(/usr/share/texlive/texmf-dist/tex/generic/oberdiek/ifpdf.sty
Package: ifpdf 2011/01/30 v2.3 Provides the ifpdf switch (HO)
Package ifpdf Info: pdfTeX in PDF mode is detected.
)
Package pdftexcmds Info: LuaTeX not detected.
Package pdftexcmds Info: \pdf@primitive is available.
Package pdftexcmds Info: \pdf@ifprimitive is available.
Package pdftexcmds Info: \pdfdraftmode found.
)
Package grfext Info: Graphics extension search list:
(grfext)             [.png,.pdf,.jpg,.mps,.jpeg,.jbig2,.jb2,.PNG,.PDF,.JPG,.JPE
G,.JBIG2,.JB2,.eps]
(grfext)             \AppendGraphicsExtensions on input line 452.

(/usr/share/texlive/texmf-dist/tex/latex/latexconfig/epstopdf-sys.cfg
File: epstopdf-sys.cfg 2010/07/13 v1.3 Configuration of (r)epstopdf for TeX Liv
e
)))
(/usr/share/texlive/texmf-dist/tex/latex/listings/lstlang1.sty
File: lstlang1.sty 2015/06/04 1.6 listings language file
)
(/usr/share/texlive/texmf-dist/tex/latex/listings/lstlang1.sty
File: lstlang1.sty 2015/06/04 1.6 listings language file
)
(/usr/share/texlive/texmf-dist/tex/latex/listings/lstlang1.sty
File: lstlang1.sty 2015/06/04 1.6 listings language file
)
(/usr/share/texlive/texmf-dist/tex/latex/listings/lstmisc.sty
File: lstmisc.sty 2015/06/04 1.6 (Carsten Heinz)
) (./lab2.aux
LaTeX Info: Redefining \. on input line 6.
LaTeX Info: Redefining \% on input line 6.
)
\openout1 = `lab2.aux'.

LaTeX Font Info:    Checking defaults for OML/cmm/m/it on input line 50.
LaTeX Font Info:    ... okay on input line 50.
LaTeX Font Info:    Checking defaults for T1/cmr/m/n on input line 50.
LaTeX Font Info:    ... okay on input line 50.
LaTeX Font Info:    Checking defaults for OT1/cmr/m/n on input line 50.
LaTeX Font Info:    ... okay on input line 50.
LaTeX Font Info:    Checking defaults for OMS/cmsy/m/n on input line 50.
LaTeX Font Info:    ... okay on input line 50.
LaTeX Font Info:    Checking defaults for OMX/cmex/m/n on input line 50.
LaTeX Font Info:    ... okay on input line 50.
LaTeX Font Info:    Checking defaults for U/cmr/m/n on input line 50.
LaTeX Font Info:    ... okay on input line 50.
LaTeX Info: Redefining \. on input line 50.
LaTeX Info: Redefining \% on input line 50.

(/usr/share/texlive/texmf-dist/tex/context/base/supp-pdf.mkii
[Loading MPS to PDF converter (version 2006.09.02).]
\scratchcounter=\count99
\scratchdimen=\dimen113
\scratchbox=\box30
\nofMPsegments=\count100
\nofMParguments=\count101
\everyMPshowfont=\toks21
\MPscratchCnt=\count102
\MPscratchDim=\dimen114
\MPnumerator=\count103
\makeMPintoPDFobject=\count104
\everyMPtoPDFconversion=\toks22
)
\c@lstlisting=\count105
LaTeX Font Info:    External font `cmex10' loaded for size
(Font)              <12> on input line 55.
LaTeX Font Info:    External font `cmex10' loaded for size
(Font)              <8> on input line 55.
LaTeX Font Info:    External font `cmex10' loaded for size
(Font)              <6> on input line 55.
LaTeX Font Info:    External font `cmex10' loaded for size
(Font)              <5> on input line 69.
LaTeX Font Info:    Try loading font information for OML+cmr on input line 72.
 (/usr/share/texlive/texmf-dist/tex/latex/base/omlcmr.fd
File: omlcmr.fd 2014/09/29 v2.5h Standard LaTeX font definitions
)
LaTeX Font Info:    Font shape `OML/cmr/m/n' in size <6> not available
(Font)              Font shape `OML/cmm/m/it' tried instead on input line 72.
LaTeX Font Info:    Try loading font information for OMS+cmr on input line 79.

(/usr/share/texlive/texmf-dist/tex/latex/base/omscmr.fd
File: omscmr.fd 2014/09/29 v2.5h Standard LaTeX font definitions
)
LaTeX Font Info:    Font shape `OMS/cmr/m/n' in size <6> not available
(Font)              Font shape `OMS/cmsy/m/n' tried instead on input line 79.
 [1

{/var/lib/texmf/fonts/map/pdftex/updmap/pdftex.map}]
Overfull \hbox (40.36418pt too wide) in paragraph at lines 181--187
[]\OT1/cmr/m/n/12 En es-te ca-so hay una fun-ci^^Son pa-ra ca-da m^^Seto-do res
-tan-te: M^^Seto-do de la Se-can-te(\OT1/cmr/bx/n/12 MetodoSecante()\OT1/cmr/m/
n/12 )),
 []

[2] [3] [4]
Package epstopdf Info: Source file: <1.eps>
(epstopdf)                    date: 2016-04-30 17:13:44
(epstopdf)                    size: 1161021 bytes
(epstopdf)             Output file: <1-eps-converted-to.pdf>
(epstopdf)                    date: 2016-04-30 17:20:50
(epstopdf)                    size: 342004 bytes
(epstopdf)             Command: <repstopdf --outfile=1-eps-converted-to.pdf 1.e
ps>
(epstopdf)             \includegraphics on input line 408.
Package epstopdf Info: Output file is already uptodate.
 <1-eps-converted-to.pdf, id=26, 1078.0275pt x 620.3175pt>
File: 1-eps-converted-to.pdf Graphic file (type pdf)

<use 1-eps-converted-to.pdf>
Package pdftex.def Info: 1-eps-converted-to.pdf used on input line 408.
(pdftex.def)             Requested size: 323.41075pt x 186.09668pt.
Package epstopdf Info: Source file: <2.eps>
(epstopdf)                    date: 2016-04-30 17:01:37
(epstopdf)                    size: 5775362 bytes
(epstopdf)             Output file: <2-eps-converted-to.pdf>
(epstopdf)                    date: 2016-04-30 17:21:31
(epstopdf)                    size: 358137 bytes
(epstopdf)             Command: <repstopdf --outfile=2-eps-converted-to.pdf 2.e
ps>
(epstopdf)             \includegraphics on input line 416.
Package epstopdf Info: Output file is already uptodate.

<2-eps-converted-to.pdf, id=27, 1087.06125pt x 629.35126pt>
File: 2-eps-converted-to.pdf Graphic file (type pdf)

<use 2-eps-converted-to.pdf>
Package pdftex.def Info: 2-eps-converted-to.pdf used on input line 416.
(pdftex.def)             Requested size: 326.1209pt x 188.80682pt.


LaTeX Warning: `h' float specifier changed to `ht'.

[5 <./1-eps-converted-to.pdf>]
Package epstopdf Info: Source file: <3.eps>
(epstopdf)                    date: 2016-04-30 17:08:38
(epstopdf)                    size: 3368245 bytes
(epstopdf)             Output file: <3-eps-converted-to.pdf>
(epstopdf)                    date: 2016-04-30 17:21:34
(epstopdf)                    size: 409235 bytes
(epstopdf)             Command: <repstopdf --outfile=3-eps-converted-to.pdf 3.e
ps>
(epstopdf)             \includegraphics on input line 425.
Package epstopdf Info: Output file is already uptodate.

<3-eps-converted-to.pdf, id=301, 1054.94125pt x 632.3625pt>
File: 3-eps-converted-to.pdf Graphic file (type pdf)

<use 3-eps-converted-to.pdf>
Package pdftex.def Info: 3-eps-converted-to.pdf used on input line 425.
(pdftex.def)             Requested size: 316.48482pt x 189.7102pt.
LaTeX Font Info:    Font shape `OMS/cmr/m/n' in size <12> not available
(Font)              Font shape `OMS/cmsy/m/n' tried instead on input line 438.
Package epstopdf Info: Source file: <21.eps>
(epstopdf)                    date: 2016-04-30 20:08:12
(epstopdf)                    size: 2882176 bytes
(epstopdf)             Output file: <21-eps-converted-to.pdf>
(epstopdf)                    date: 2016-04-30 20:28:04
(epstopdf)                    size: 2199999 bytes
(epstopdf)             Command: <repstopdf --outfile=21-eps-converted-to.pdf 21
.eps>
(epstopdf)             \includegraphics on input line 441.
Package epstopdf Info: Output file is already uptodate.

<21-eps-converted-to.pdf, id=302, 833.1125pt x 362.35374pt>
File: 21-eps-converted-to.pdf Graphic file (type pdf)

<use 21-eps-converted-to.pdf>
Package pdftex.def Info: 21-eps-converted-to.pdf used on input line 441.
(pdftex.def)             Requested size: 333.23909pt x 144.93892pt.


LaTeX Warning: `h' float specifier changed to `ht'.

[6 <./2-eps-converted-to.pdf> <./3-eps-converted-to.pdf>]
Package epstopdf Info: Source file: <212.eps>
(epstopdf)                    date: 2016-04-30 21:53:28
(epstopdf)                    size: 2269670 bytes
(epstopdf)             Output file: <212-eps-converted-to.pdf>
(epstopdf)                    date: 2016-04-30 21:53:40
(epstopdf)                    size: 1721402 bytes
(epstopdf)             Command: <repstopdf --outfile=212-eps-converted-to.pdf 2
12.eps>
(epstopdf)             \includegraphics on input line 450.
Package epstopdf Info: Output file is already uptodate.

<212-eps-converted-to.pdf, id=935, 832.10875pt x 308.15125pt>
File: 212-eps-converted-to.pdf Graphic file (type pdf)

<use 212-eps-converted-to.pdf>
Package pdftex.def Info: 212-eps-converted-to.pdf used on input line 450.
(pdftex.def)             Requested size: 332.8376pt x 123.2583pt.
Package epstopdf Info: Source file: <22.eps>
(epstopdf)                    date: 2016-04-30 20:19:05
(epstopdf)                    size: 2891063 bytes
(epstopdf)             Output file: <22-eps-converted-to.pdf>
(epstopdf)                    date: 2016-04-30 20:28:06
(epstopdf)                    size: 2183734 bytes
(epstopdf)             Command: <repstopdf --outfile=22-eps-converted-to.pdf 22
.eps>
(epstopdf)             \includegraphics on input line 464.
Package epstopdf Info: Output file is already uptodate.

<22-eps-converted-to.pdf, id=936, 830.10126pt x 381.425pt>
File: 22-eps-converted-to.pdf Graphic file (type pdf)

<use 22-eps-converted-to.pdf>
Package pdftex.def Info: 22-eps-converted-to.pdf used on input line 464.
(pdftex.def)             Requested size: 332.03462pt x 152.56729pt.
Package epstopdf Info: Source file: <231.eps>
(epstopdf)                    date: 2016-04-30 20:29:56
(epstopdf)                    size: 2781153 bytes
(epstopdf)             Output file: <231-eps-converted-to.pdf>
(epstopdf)                    date: 2016-04-30 20:40:14
(epstopdf)                    size: 2084529 bytes
(epstopdf)             Command: <repstopdf --outfile=231-eps-converted-to.pdf 2
31.eps>
(epstopdf)             \includegraphics on input line 478.
Package epstopdf Info: Output file is already uptodate.

<231-eps-converted-to.pdf, id=937, 846.16125pt x 375.4025pt>
File: 231-eps-converted-to.pdf Graphic file (type pdf)

<use 231-eps-converted-to.pdf>
Package pdftex.def Info: 231-eps-converted-to.pdf used on input line 478.
(pdftex.def)             Requested size: 338.45851pt x 150.15834pt.


LaTeX Warning: `h' float specifier changed to `ht'.

[7 <./21-eps-converted-to.pdf> <./212-eps-converted-to.pdf> <./22-eps-converted
-to.pdf>]
Package epstopdf Info: Source file: <232.eps>
(epstopdf)                    date: 2016-04-30 20:32:58
(epstopdf)                    size: 2844341 bytes
(epstopdf)             Output file: <232-eps-converted-to.pdf>
(epstopdf)                    date: 2016-04-30 20:40:16
(epstopdf)                    size: 2147782 bytes
(epstopdf)             Command: <repstopdf --outfile=232-eps-converted-to.pdf 2
32.eps>
(epstopdf)             \includegraphics on input line 489.
Package epstopdf Info: Output file is already uptodate.
 <232-eps-converted-to.pdf, id=1561, 830.10126pt x 379.4175pt>
File: 232-eps-converted-to.pdf Graphic file (type pdf)

<use 232-eps-converted-to.pdf>
Package pdftex.def Info: 232-eps-converted-to.pdf used on input line 489.
(pdftex.def)             Requested size: 332.03462pt x 151.7643pt.
Package epstopdf Info: Source file: <233.eps>
(epstopdf)                    date: 2016-04-30 20:36:20
(epstopdf)                    size: 2001447 bytes
(epstopdf)             Output file: <233-eps-converted-to.pdf>
(epstopdf)                    date: 2016-04-30 20:40:17
(epstopdf)                    size: 1522968 bytes
(epstopdf)             Command: <repstopdf --outfile=233-eps-converted-to.pdf 2
33.eps>
(epstopdf)             \includegraphics on input line 496.
Package epstopdf Info: Output file is already uptodate.

<233-eps-converted-to.pdf, id=1562, 596.2275pt x 378.41376pt>
File: 233-eps-converted-to.pdf Graphic file (type pdf)

<use 233-eps-converted-to.pdf>
Package pdftex.def Info: 233-eps-converted-to.pdf used on input line 496.
(pdftex.def)             Requested size: 238.48677pt x 151.36281pt.
Package epstopdf Info: Source file: <31.eps>
(epstopdf)                    date: 2016-04-30 20:51:54
(epstopdf)                    size: 2761841 bytes
(epstopdf)             Output file: <31-eps-converted-to.pdf>
(epstopdf)                    date: 2016-04-30 20:56:21
(epstopdf)                    size: 2100786 bytes
(epstopdf)             Command: <repstopdf --outfile=31-eps-converted-to.pdf 31
.eps>
(epstopdf)             \includegraphics on input line 514.
Package epstopdf Info: Output file is already uptodate.

<31-eps-converted-to.pdf, id=1563, 775.89874pt x 382.42876pt>
File: 31-eps-converted-to.pdf Graphic file (type pdf)

<use 31-eps-converted-to.pdf>
Package pdftex.def Info: 31-eps-converted-to.pdf used on input line 514.
(pdftex.def)             Requested size: 310.354pt x 152.96878pt.


LaTeX Warning: `h' float specifier changed to `ht'.

Package epstopdf Info: Source file: <32.eps>
(epstopdf)                    date: 2016-04-30 20:55:24
(epstopdf)                    size: 689766 bytes
(epstopdf)             Output file: <32-eps-converted-to.pdf>
(epstopdf)                    date: 2016-04-30 20:56:22
(epstopdf)                    size: 502208 bytes
(epstopdf)             Command: <repstopdf --outfile=32-eps-converted-to.pdf 32
.eps>
(epstopdf)             \includegraphics on input line 523.
Package epstopdf Info: Output file is already uptodate.
<32-eps-converted-to.pdf, id=1564, 777.90625pt x 110.4125pt>
File: 32-eps-converted-to.pdf Graphic file (type pdf)

<use 32-eps-converted-to.pdf>
Package pdftex.def Info: 32-eps-converted-to.pdf used on input line 523.
(pdftex.def)             Requested size: 311.15698pt x 44.1642pt.
 [8 <./231-eps-converted-to.pdf> <./232-eps-converted-to.pdf> <./233-eps-conver
ted-to.pdf>]
Package epstopdf Info: Source file: <33.eps>
(epstopdf)                    date: 2016-04-30 21:09:36
(epstopdf)                    size: 1162149 bytes
(epstopdf)             Output file: <33-eps-converted-to.pdf>
(epstopdf)                    date: 2016-04-30 21:10:55
(epstopdf)                    size: 875848 bytes
(epstopdf)             Command: <repstopdf --outfile=33-eps-converted-to.pdf 33
.eps>
(epstopdf)             \includegraphics on input line 533.
Package epstopdf Info: Output file is already uptodate.

<33-eps-converted-to.pdf, id=2170, 777.90625pt x 209.78375pt>
File: 33-eps-converted-to.pdf Graphic file (type pdf)

<use 33-eps-converted-to.pdf>
Package pdftex.def Info: 33-eps-converted-to.pdf used on input line 533.
(pdftex.def)             Requested size: 311.15698pt x 83.912pt.
Package epstopdf Info: Source file: <41.eps>
(epstopdf)                    date: 2016-04-30 22:18:32
(epstopdf)                    size: 789322 bytes
(epstopdf)             Output file: <41-eps-converted-to.pdf>
(epstopdf)                    date: 2016-04-30 22:18:36
(epstopdf)                    size: 621544 bytes
(epstopdf)             Command: <repstopdf --outfile=41-eps-converted-to.pdf 41
.eps>
(epstopdf)             \includegraphics on input line 546.
Package epstopdf Info: Output file is already uptodate.

<41-eps-converted-to.pdf, id=2171, 566.115pt x 160.6pt>
File: 41-eps-converted-to.pdf Graphic file (type pdf)

<use 41-eps-converted-to.pdf>
Package pdftex.def Info: 41-eps-converted-to.pdf used on input line 546.
(pdftex.def)             Requested size: 339.67162pt x 96.36073pt.
Package epstopdf Info: Source file: <42.eps>
(epstopdf)                    date: 2016-04-30 22:10:27
(epstopdf)                    size: 476317 bytes
(epstopdf)             Output file: <42-eps-converted-to.pdf>
(epstopdf)                    date: 2016-04-30 22:16:39
(epstopdf)                    size: 366794 bytes
(epstopdf)             Command: <repstopdf --outfile=42-eps-converted-to.pdf 42
.eps>
(epstopdf)             \includegraphics on input line 553.
Package epstopdf Info: Output file is already uptodate.

<42-eps-converted-to.pdf, id=2172, 564.1075pt x 102.3825pt>
File: 42-eps-converted-to.pdf Graphic file (type pdf)

<use 42-eps-converted-to.pdf>
Package pdftex.def Info: 42-eps-converted-to.pdf used on input line 553.
(pdftex.def)             Requested size: 338.4671pt x 61.42996pt.
 [9 <./31-eps-converted-to.pdf> <./32-eps-converted-to.pdf> <./33-eps-converted
-to.pdf> <./41-eps-converted-to.pdf>]
Package epstopdf Info: Source file: <43.eps>
(epstopdf)                    date: 2016-04-30 22:15:47
(epstopdf)                    size: 700703 bytes
(epstopdf)             Output file: <43-eps-converted-to.pdf>
(epstopdf)                    date: 2016-04-30 22:16:40
(epstopdf)                    size: 522400 bytes
(epstopdf)             Command: <repstopdf --outfile=43-eps-converted-to.pdf 43
.eps>
(epstopdf)             \includegraphics on input line 560.
Package epstopdf Info: Output file is already uptodate.

<43-eps-converted-to.pdf, id=2655, 564.1075pt x 142.5325pt>
File: 43-eps-converted-to.pdf Graphic file (type pdf)

<use 43-eps-converted-to.pdf>
Package pdftex.def Info: 43-eps-converted-to.pdf used on input line 560.
(pdftex.def)             Requested size: 338.4671pt x 85.52014pt.
Package epstopdf Info: Source file: <51.eps>
(epstopdf)                    date: 2016-04-30 22:41:41
(epstopdf)                    size: 502919 bytes
(epstopdf)             Output file: <51-eps-converted-to.pdf>
(epstopdf)                    date: 2016-04-30 22:57:06
(epstopdf)                    size: 380482 bytes
(epstopdf)             Command: <repstopdf --outfile=51-eps-converted-to.pdf 51
.eps>
(epstopdf)             \includegraphics on input line 574.
Package epstopdf Info: Output file is already uptodate.

<51-eps-converted-to.pdf, id=2656, 393.47pt x 160.6pt>
File: 51-eps-converted-to.pdf Graphic file (type pdf)

<use 51-eps-converted-to.pdf>
Package pdftex.def Info: 51-eps-converted-to.pdf used on input line 574.
(pdftex.def)             Requested size: 236.0838pt x 96.36073pt.
Package epstopdf Info: Source file: <52.eps>
(epstopdf)                    date: 2016-04-30 22:51:55
(epstopdf)                    size: 262622 bytes
(epstopdf)             Output file: <52-eps-converted-to.pdf>
(epstopdf)                    date: 2016-04-30 22:57:07
(epstopdf)                    size: 206061 bytes
(epstopdf)             Command: <repstopdf --outfile=52-eps-converted-to.pdf 52
.eps>
(epstopdf)             \includegraphics on input line 582.
Package epstopdf Info: Output file is already uptodate.

<52-eps-converted-to.pdf, id=2657, 385.44pt x 85.31876pt>
File: 52-eps-converted-to.pdf Graphic file (type pdf)

<use 52-eps-converted-to.pdf>
Package pdftex.def Info: 52-eps-converted-to.pdf used on input line 582.
(pdftex.def)             Requested size: 231.26578pt x 51.19164pt.
Package epstopdf Info: Source file: <53.eps>
(epstopdf)                    date: 2016-04-30 22:56:47
(epstopdf)                    size: 364813 bytes
(epstopdf)             Output file: <53-eps-converted-to.pdf>
(epstopdf)                    date: 2016-04-30 22:57:07
(epstopdf)                    size: 290853 bytes
(epstopdf)             Command: <repstopdf --outfile=53-eps-converted-to.pdf 53
.eps>
(epstopdf)             \includegraphics on input line 589.
Package epstopdf Info: Output file is already uptodate.

<53-eps-converted-to.pdf, id=2658, 391.4625pt x 117.43875pt>
File: 53-eps-converted-to.pdf Graphic file (type pdf)

<use 53-eps-converted-to.pdf>
Package pdftex.def Info: 53-eps-converted-to.pdf used on input line 589.
(pdftex.def)             Requested size: 234.8793pt x 70.46378pt.
 [10 <./42-eps-converted-to.pdf> <./43-eps-converted-to.pdf> <./51-eps-converte
d-to.pdf> <./52-eps-converted-to.pdf> <./53-eps-converted-to.pdf>]
Package epstopdf Info: Source file: <61.eps>
(epstopdf)                    date: 2016-05-01 11:16:32
(epstopdf)                    size: 533317 bytes
(epstopdf)             Output file: <61-eps-converted-to.pdf>
(epstopdf)                    date: 2016-05-01 11:22:06
(epstopdf)                    size: 404173 bytes
(epstopdf)             Command: <repstopdf --outfile=61-eps-converted-to.pdf 61
.eps>
(epstopdf)             \includegraphics on input line 604.
Package epstopdf Info: Output file is already uptodate.
 <61-eps-converted-to.pdf, id=2896, 419.5675pt x 155.58125pt>
File: 61-eps-converted-to.pdf Graphic file (type pdf)

<use 61-eps-converted-to.pdf>
Package pdftex.def Info: 61-eps-converted-to.pdf used on input line 604.
(pdftex.def)             Requested size: 251.74243pt x 93.34946pt.
Package epstopdf Info: Source file: <62.eps>
(epstopdf)                    date: 2016-05-01 11:14:29
(epstopdf)                    size: 290653 bytes
(epstopdf)             Output file: <62-eps-converted-to.pdf>
(epstopdf)                    date: 2016-05-01 11:22:06
(epstopdf)                    size: 221834 bytes
(epstopdf)             Command: <repstopdf --outfile=62-eps-converted-to.pdf 62
.eps>
(epstopdf)             \includegraphics on input line 612.
Package epstopdf Info: Output file is already uptodate.

<62-eps-converted-to.pdf, id=2897, 411.5375pt x 87.32625pt>
File: 62-eps-converted-to.pdf Graphic file (type pdf)

<use 62-eps-converted-to.pdf>
Package pdftex.def Info: 62-eps-converted-to.pdf used on input line 612.
(pdftex.def)             Requested size: 246.92441pt x 52.39615pt.
Package epstopdf Info: Source file: <63.eps>
(epstopdf)                    date: 2016-05-01 11:21:38
(epstopdf)                    size: 420169 bytes
(epstopdf)             Output file: <63-eps-converted-to.pdf>
(epstopdf)                    date: 2016-05-01 11:22:07
(epstopdf)                    size: 314574 bytes
(epstopdf)             Command: <repstopdf --outfile=63-eps-converted-to.pdf 63
.eps>
(epstopdf)             \includegraphics on input line 619.
Package epstopdf Info: Output file is already uptodate.

<63-eps-converted-to.pdf, id=2898, 415.5525pt x 123.46124pt>
File: 63-eps-converted-to.pdf Graphic file (type pdf)

<use 63-eps-converted-to.pdf>
Package pdftex.def Info: 63-eps-converted-to.pdf used on input line 619.
(pdftex.def)             Requested size: 249.33342pt x 74.0773pt.
Package epstopdf Info: Source file: <71.eps>
(epstopdf)                    date: 2016-05-04 16:59:07
(epstopdf)                    size: 724460 bytes
(epstopdf)             Output file: <71-eps-converted-to.pdf>
(epstopdf)                    date: 2016-05-04 17:14:23
(epstopdf)                    size: 539623 bytes
(epstopdf)             Command: <repstopdf --outfile=71-eps-converted-to.pdf 71
.eps>
(epstopdf)             \includegraphics on input line 631.
Package epstopdf Info: Output file is already uptodate.

<71-eps-converted-to.pdf, id=2899, 301.125pt x 289.08pt>
File: 71-eps-converted-to.pdf Graphic file (type pdf)

<use 71-eps-converted-to.pdf>
Package pdftex.def Info: 71-eps-converted-to.pdf used on input line 631.
(pdftex.def)             Requested size: 180.67638pt x 173.44933pt.
 [11 <./61-eps-converted-to.pdf> <./62-eps-converted-to.pdf> <./63-eps-converte
d-to.pdf> <./71-eps-converted-to.pdf>]
Package epstopdf Info: Source file: <72.eps>
(epstopdf)                    date: 2016-05-04 17:01:26
(epstopdf)                    size: 899306 bytes
(epstopdf)             Output file: <72-eps-converted-to.pdf>
(epstopdf)                    date: 2016-05-04 17:14:25
(epstopdf)                    size: 686867 bytes
(epstopdf)             Command: <repstopdf --outfile=72-eps-converted-to.pdf 72
.eps>
(epstopdf)             \includegraphics on input line 640.
Package epstopdf Info: Output file is already uptodate.

<72-eps-converted-to.pdf, id=3094, 323.2075pt x 346.29375pt>
File: 72-eps-converted-to.pdf Graphic file (type pdf)

<use 72-eps-converted-to.pdf>
Package pdftex.def Info: 72-eps-converted-to.pdf used on input line 640.
(pdftex.def)             Requested size: 193.926pt x 207.77785pt.
 [12 <./72-eps-converted-to.pdf>] (./lab2.aux
LaTeX Info: Redefining \. on input line 6.
LaTeX Info: Redefining \% on input line 6.
) ) 
Here is how much of TeX's memory you used:
 4627 strings out of 494891
 63488 string characters out of 6179039
 548462 words of memory out of 5000000
 7829 multiletter control sequences out of 15000+600000
 8062 words of font info for 29 fonts, out of 8000000 for 9000
 40 hyphenation exceptions out of 8191
 42i,8n,67p,298b,886s stack positions out of 5000i,500n,10000p,200000b,80000s
</usr/share/texlive/texmf-dist/fonts/type1/public/amsfonts/cm/cmbx12.pfb></u
sr/share/texlive/texmf-dist/fonts/type1/public/amsfonts/cm/cmmi12.pfb></usr/sha
re/texlive/texmf-dist/fonts/type1/public/amsfonts/cm/cmmi6.pfb></usr/share/texl
ive/texmf-dist/fonts/type1/public/amsfonts/cm/cmmi8.pfb></usr/share/texlive/tex
mf-dist/fonts/type1/public/amsfonts/cm/cmr12.pfb></usr/share/texlive/texmf-dist
/fonts/type1/public/amsfonts/cm/cmr6.pfb></usr/share/texlive/texmf-dist/fonts/t
ype1/public/amsfonts/cm/cmr8.pfb></usr/share/texlive/texmf-dist/fonts/type1/pub
lic/amsfonts/cm/cmsy10.pfb></usr/share/texlive/texmf-dist/fonts/type1/public/am
sfonts/cm/cmsy6.pfb></usr/share/texlive/texmf-dist/fonts/type1/public/amsfonts/
cm/cmsy8.pfb></usr/share/texlive/texmf-dist/fonts/type1/public/amsfonts/cm/cmtt
8.pfb>
Output written on lab2.pdf (12 pages, 21091039 bytes).
PDF statistics:
 3218 PDF objects out of 3580 (max. 8388607)
 107 compressed objects within 2 object streams
 0 named destinations out of 1000 (max. 500000)
 116 words of extra memory for PDF output out of 10000 (max. 10000000)

