

Terminals which are not used:

   NUM_DOUBLE
   NUM_LONG
   GOTO



Grammar
rule 1    programC -> listaDeclC
rule 2    listaDeclC -> listaDeclC declC
rule 3    listaDeclC ->		/* empty */
rule 4    declC -> Tipo listaVar PUNTO_Y_COMA
rule 5    declC -> T_VOID ID declFun bloqueFun
rule 6    declC -> Tipo ID declFun bloqueFun
rule 7    declFun -> PARENTESIS_IZQUIERDO Params PARENTESIS_DERECHO
rule 8    listaVar -> declAsig COMA listaVar
rule 9    listaVar -> ID COMA listaVar
rule 10   listaVar -> declAsig
rule 11   listaVar -> ID
rule 12   Params -> listaPar
rule 13   Params ->		/* empty */
rule 14   listaPar -> Tipo ID COMA listaPar
rule 15   listaPar -> Tipo ID
rule 16   bloqueFun -> LLAVE_IZQUIERDA listaInstruc LLAVE_DERECHA
rule 17   listaInstruc -> listaInstruc instruc
rule 18   listaInstruc ->		/* empty */
rule 19   instruc -> Tipo listaVar PUNTO_Y_COMA
rule 20   instruc -> asig PUNTO_Y_COMA
rule 21   instruc -> declBucle
rule 22   instruc -> declCondicional
rule 23   instruc -> PRINT expr PUNTO_Y_COMA
rule 24   instruc -> IN ID PUNTO_Y_COMA
rule 25   instruc -> RETURN expr PUNTO_Y_COMA
rule 26   instruc -> ID callFunc PUNTO_Y_COMA
rule 27   declAsig -> ID op_asig asig
rule 28   declAsig -> ID op_asig expr
rule 29   declAsig -> ID op_asig ID callFunc
rule 30   asig -> ID op_asig asig
rule 31   asig -> ID op_asig expr
rule 32   asig -> ID op_asig ID callFunc
rule 33   op_asig -> ASIGNACION
rule 34   op_asig -> ASIGNACION_MENOS
rule 35   op_asig -> ASIGNACION_ENTRE
rule 36   op_asig -> ASIGNACION_MAS
rule 37   op_asig -> ASIGNACION_POR
rule 38   callFunc -> PARENTESIS_IZQUIERDO listaParam PARENTESIS_DERECHO
rule 39   declBucle -> bucleFor PARENTESIS_IZQUIERDO initFor PUNTO_Y_COMA condicionFor parBucle bloqueBucle listaAsigFor PUNTO_Y_COMA
rule 40   declBucle -> bucleWhile PARENTESIS_IZQUIERDO condicionWhile parBucle bloqueBucle
rule 41   declBucle -> bucleWhile PARENTESIS_IZQUIERDO condicionWhile PARENTESIS_DERECHO bucleDo bloqueBucle
rule 42   declCondicional -> condicionalIf condicionalElse
rule 43   condicionalIf -> tokenIf PARENTESIS_IZQUIERDO condicionIf parDerIf bloqueFun
rule 44   condicionalElse -> tokenElse condicionalIf condicionalElse
rule 45   condicionalElse -> tokenElse bloqueFun
rule 46   condicionalElse ->		/* empty */
rule 47   tokenElse -> ELSE
rule 48   tokenIf -> IF
rule 49   condicionIf -> expr
rule 50   parDerIf -> PARENTESIS_DERECHO
rule 51   bucleFor -> FOR
rule 52   bucleWhile -> WHILE
rule 53   bucleDo -> DO
rule 54   initFor -> Tipo listaVar
rule 55   initFor -> listaVarFor
rule 56   initFor ->		/* empty */
rule 57   listaVarFor -> asig COMA listaVarFor
rule 58   listaVarFor -> asig
rule 59   condicionFor -> expr
rule 60   condicionFor ->		/* empty */
rule 61   condicionWhile -> expr
rule 62   parBucle -> PARENTESIS_DERECHO
rule 63   listaAsigFor -> asig COMA listaAsig
rule 64   listaAsigFor -> incrementos COMA listaAsig
rule 65   listaAsigFor -> incrementos
rule 66   listaAsigFor -> asig
rule 67   listaAsigFor ->		/* empty */
rule 68   listaAsig -> asig COMA listaAsig
rule 69   listaAsig -> asig
rule 70   listaAsig ->		/* empty */
rule 71   listaParam -> expr COMA listaParam
rule 72   listaParam -> expr
rule 73   listaParam ->		/* empty */
rule 74   bloqueBucle -> LLAVE_IZQUIERDA listaInstrucBucle LLAVE_DERECHA
rule 75   listaInstrucBucle -> listaInstrucBucle instruc
rule 76   listaInstrucBucle -> listaInstrucBucle instrucBucle
rule 77   listaInstrucBucle ->		/* empty */
rule 78   instrucBucle -> BREAK PUNTO_Y_COMA
rule 79   instrucBucle -> CONTINUE PUNTO_Y_COMA
rule 80   expr -> term op_bin_arit expr
rule 81   expr -> term op_bin_bool expr
rule 82   expr -> term
rule 83   expr -> B_TRUE
rule 84   expr -> B_FALSE
rule 85   expr -> NEGACION term
rule 86   expr -> incrementos
rule 87   incrementos -> INCREMENTO term
rule 88   incrementos -> DECREMENTO term
rule 89   incrementos -> term INCREMENTO
rule 90   incrementos -> term DECREMENTO
rule 91   term -> ID
rule 92   term -> NUM_INT
rule 93   term -> NUM_FLOAT
rule 94   term -> PARENTESIS_IZQUIERDO expr PARENTESIS_DERECHO
rule 95   op_bin_arit -> MAS
rule 96   op_bin_arit -> MENOS
rule 97   op_bin_arit -> POR
rule 98   op_bin_arit -> ENTRE
rule 99   op_bin_arit -> ELEVADO
rule 100  op_bin_arit -> MODULO
rule 101  op_bin_bool -> IGUALDAD
rule 102  op_bin_bool -> MAYOR
rule 103  op_bin_bool -> MAYOR_IGUAL
rule 104  op_bin_bool -> MENOR
rule 105  op_bin_bool -> MENOR_IGUAL
rule 106  op_bin_bool -> DIFERENTE
rule 107  op_bin_bool -> OR_LOGICO
rule 108  op_bin_bool -> AND_LOGICO
rule 109  Tipo -> T_INT
rule 110  Tipo -> T_FLOAT
rule 111  Tipo -> T_BOOL
rule 112  Tipo -> T_DOUBLE
rule 113  Tipo -> T_LONG

Terminals, with rules where they appear

$ (-1)
error (256)
T_INT (258) 109
T_FLOAT (259) 110
T_BOOL (260) 111
T_DOUBLE (261) 112
T_LONG (262) 113
T_VOID (263) 5
ID (264) 5 6 9 11 14 15 24 26 27 28 29 30 31 32 91
NUM_INT (265) 92
NUM_FLOAT (266) 93
NUM_DOUBLE (267)
NUM_LONG (268)
PARENTESIS_IZQUIERDO (269) 7 38 39 40 41 43 94
PARENTESIS_DERECHO (270) 7 38 41 50 62 94
LLAVE_IZQUIERDA (271) 16 74
LLAVE_DERECHA (272) 16 74
COMA (273) 8 9 14 57 63 64 68 71
PUNTO_Y_COMA (274) 4 19 20 23 24 25 26 39 78 79
FOR (275) 51
WHILE (276) 52
DO (277) 53
IF (278) 48
ELSE (279) 47
BREAK (280) 78
CONTINUE (281) 79
GOTO (282)
ASIGNACION (283) 33
ASIGNACION_MAS (284) 36
ASIGNACION_MENOS (285) 34
ASIGNACION_POR (286) 37
ASIGNACION_ENTRE (287) 35
OR_LOGICO (288) 107
AND_LOGICO (289) 108
MAS (290) 95
MENOS (291) 96
POR (292) 97
ENTRE (293) 98
ELEVADO (294) 99
MODULO (295) 100
IGUALDAD (296) 101
MAYOR (297) 102
MAYOR_IGUAL (298) 103
MENOR (299) 104
MENOR_IGUAL (300) 105
DIFERENTE (301) 106
NEGACION (302) 85
INCREMENTO (303) 87 89
DECREMENTO (304) 88 90
RETURN (305) 25
B_TRUE (306) 83
B_FALSE (307) 84
PRINT (308) 23
IN (309) 24

Nonterminals, with rules where they appear

programC (55)
    on left: 1
listaDeclC (56)
    on left: 2 3, on right: 1 2
declC (57)
    on left: 4 5 6, on right: 2
declFun (58)
    on left: 7, on right: 5 6
listaVar (59)
    on left: 8 9 10 11, on right: 4 8 9 19 54
Params (60)
    on left: 12 13, on right: 7
listaPar (61)
    on left: 14 15, on right: 12 14
bloqueFun (62)
    on left: 16, on right: 5 6 43 45
listaInstruc (63)
    on left: 17 18, on right: 16 17
instruc (64)
    on left: 19 20 21 22 23 24 25 26, on right: 17 75
declAsig (65)
    on left: 27 28 29, on right: 8 10
asig (66)
    on left: 30 31 32, on right: 20 27 30 57 58 63 66 68 69
op_asig (67)
    on left: 33 34 35 36 37, on right: 27 28 29 30 31 32
callFunc (68)
    on left: 38, on right: 26 29 32
declBucle (69)
    on left: 39 40 41, on right: 21
declCondicional (70)
    on left: 42, on right: 22
condicionalIf (71)
    on left: 43, on right: 42 44
condicionalElse (72)
    on left: 44 45 46, on right: 42 44
tokenElse (73)
    on left: 47, on right: 44 45
tokenIf (74)
    on left: 48, on right: 43
condicionIf (75)
    on left: 49, on right: 43
parDerIf (76)
    on left: 50, on right: 43
bucleFor (77)
    on left: 51, on right: 39
bucleWhile (78)
    on left: 52, on right: 40 41
bucleDo (79)
    on left: 53, on right: 41
initFor (80)
    on left: 54 55 56, on right: 39
listaVarFor (81)
    on left: 57 58, on right: 55 57
condicionFor (82)
    on left: 59 60, on right: 39
condicionWhile (83)
    on left: 61, on right: 40 41
parBucle (84)
    on left: 62, on right: 39 40
listaAsigFor (85)
    on left: 63 64 65 66 67, on right: 39
listaAsig (86)
    on left: 68 69 70, on right: 63 64 68
listaParam (87)
    on left: 71 72 73, on right: 38 71
bloqueBucle (88)
    on left: 74, on right: 39 40 41
listaInstrucBucle (89)
    on left: 75 76 77, on right: 74 75 76
instrucBucle (90)
    on left: 78 79, on right: 76
expr (91)
    on left: 80 81 82 83 84 85 86, on right: 23 25 28 31 49 59 61 71
    72 80 81 94
incrementos (92)
    on left: 87 88 89 90, on right: 64 65 86
term (93)
    on left: 91 92 93 94, on right: 80 81 82 85 87 88 89 90
op_bin_arit (94)
    on left: 95 96 97 98 99 100, on right: 80
op_bin_bool (95)
    on left: 101 102 103 104 105 106 107 108, on right: 81
Tipo (96)
    on left: 109 110 111 112 113, on right: 4 6 14 15 19 54


state 0

    $default	reduce using rule 3 (listaDeclC)

    programC	go to state 177
    listaDeclC	go to state 1



state 1

    programC  ->  listaDeclC .   (rule 1)
    listaDeclC  ->  listaDeclC . declC   (rule 2)

    T_INT	shift, and go to state 2
    T_FLOAT	shift, and go to state 3
    T_BOOL	shift, and go to state 4
    T_DOUBLE	shift, and go to state 5
    T_LONG	shift, and go to state 6
    T_VOID	shift, and go to state 7

    $default	reduce using rule 1 (programC)

    declC	go to state 8
    Tipo	go to state 9



state 2

    Tipo  ->  T_INT .   (rule 109)

    $default	reduce using rule 109 (Tipo)



state 3

    Tipo  ->  T_FLOAT .   (rule 110)

    $default	reduce using rule 110 (Tipo)



state 4

    Tipo  ->  T_BOOL .   (rule 111)

    $default	reduce using rule 111 (Tipo)



state 5

    Tipo  ->  T_DOUBLE .   (rule 112)

    $default	reduce using rule 112 (Tipo)



state 6

    Tipo  ->  T_LONG .   (rule 113)

    $default	reduce using rule 113 (Tipo)



state 7

    declC  ->  T_VOID . ID declFun bloqueFun   (rule 5)

    ID  	shift, and go to state 10



state 8

    listaDeclC  ->  listaDeclC declC .   (rule 2)

    $default	reduce using rule 2 (listaDeclC)



state 9

    declC  ->  Tipo . listaVar PUNTO_Y_COMA   (rule 4)
    declC  ->  Tipo . ID declFun bloqueFun   (rule 6)

    ID  	shift, and go to state 11

    listaVar	go to state 12
    declAsig	go to state 13



state 10

    declC  ->  T_VOID ID . declFun bloqueFun   (rule 5)

    PARENTESIS_IZQUIERDO	shift, and go to state 14

    declFun	go to state 15



state 11

    declC  ->  Tipo ID . declFun bloqueFun   (rule 6)
    listaVar  ->  ID . COMA listaVar   (rule 9)
    listaVar  ->  ID .   (rule 11)
    declAsig  ->  ID . op_asig asig   (rule 27)
    declAsig  ->  ID . op_asig expr   (rule 28)
    declAsig  ->  ID . op_asig ID callFunc   (rule 29)

    PARENTESIS_IZQUIERDO	shift, and go to state 14
    COMA	shift, and go to state 16
    ASIGNACION	shift, and go to state 17
    ASIGNACION_MAS	shift, and go to state 18
    ASIGNACION_MENOS	shift, and go to state 19
    ASIGNACION_POR	shift, and go to state 20
    ASIGNACION_ENTRE	shift, and go to state 21

    $default	reduce using rule 11 (listaVar)

    declFun	go to state 22
    op_asig	go to state 23



state 12

    declC  ->  Tipo listaVar . PUNTO_Y_COMA   (rule 4)

    PUNTO_Y_COMA	shift, and go to state 24



state 13

    listaVar  ->  declAsig . COMA listaVar   (rule 8)
    listaVar  ->  declAsig .   (rule 10)

    COMA	shift, and go to state 25

    $default	reduce using rule 10 (listaVar)



state 14

    declFun  ->  PARENTESIS_IZQUIERDO . Params PARENTESIS_DERECHO   (rule 7)

    T_INT	shift, and go to state 2
    T_FLOAT	shift, and go to state 3
    T_BOOL	shift, and go to state 4
    T_DOUBLE	shift, and go to state 5
    T_LONG	shift, and go to state 6

    $default	reduce using rule 13 (Params)

    Params	go to state 26
    listaPar	go to state 27
    Tipo	go to state 28



state 15

    declC  ->  T_VOID ID declFun . bloqueFun   (rule 5)

    LLAVE_IZQUIERDA	shift, and go to state 29

    bloqueFun	go to state 30



state 16

    listaVar  ->  ID COMA . listaVar   (rule 9)

    ID  	shift, and go to state 31

    listaVar	go to state 32
    declAsig	go to state 13



state 17

    op_asig  ->  ASIGNACION .   (rule 33)

    $default	reduce using rule 33 (op_asig)



state 18

    op_asig  ->  ASIGNACION_MAS .   (rule 36)

    $default	reduce using rule 36 (op_asig)



state 19

    op_asig  ->  ASIGNACION_MENOS .   (rule 34)

    $default	reduce using rule 34 (op_asig)



state 20

    op_asig  ->  ASIGNACION_POR .   (rule 37)

    $default	reduce using rule 37 (op_asig)



state 21

    op_asig  ->  ASIGNACION_ENTRE .   (rule 35)

    $default	reduce using rule 35 (op_asig)



state 22

    declC  ->  Tipo ID declFun . bloqueFun   (rule 6)

    LLAVE_IZQUIERDA	shift, and go to state 29

    bloqueFun	go to state 33



state 23

    declAsig  ->  ID op_asig . asig   (rule 27)
    declAsig  ->  ID op_asig . expr   (rule 28)
    declAsig  ->  ID op_asig . ID callFunc   (rule 29)

    ID  	shift, and go to state 34
    NUM_INT	shift, and go to state 35
    NUM_FLOAT	shift, and go to state 36
    PARENTESIS_IZQUIERDO	shift, and go to state 37
    NEGACION	shift, and go to state 38
    INCREMENTO	shift, and go to state 39
    DECREMENTO	shift, and go to state 40
    B_TRUE	shift, and go to state 41
    B_FALSE	shift, and go to state 42

    asig	go to state 43
    expr	go to state 44
    incrementos	go to state 45
    term	go to state 46



state 24

    declC  ->  Tipo listaVar PUNTO_Y_COMA .   (rule 4)

    $default	reduce using rule 4 (declC)



state 25

    listaVar  ->  declAsig COMA . listaVar   (rule 8)

    ID  	shift, and go to state 31

    listaVar	go to state 47
    declAsig	go to state 13



state 26

    declFun  ->  PARENTESIS_IZQUIERDO Params . PARENTESIS_DERECHO   (rule 7)

    PARENTESIS_DERECHO	shift, and go to state 48



state 27

    Params  ->  listaPar .   (rule 12)

    $default	reduce using rule 12 (Params)



state 28

    listaPar  ->  Tipo . ID COMA listaPar   (rule 14)
    listaPar  ->  Tipo . ID   (rule 15)

    ID  	shift, and go to state 49



state 29

    bloqueFun  ->  LLAVE_IZQUIERDA . listaInstruc LLAVE_DERECHA   (rule 16)

    $default	reduce using rule 18 (listaInstruc)

    listaInstruc	go to state 50



state 30

    declC  ->  T_VOID ID declFun bloqueFun .   (rule 5)

    $default	reduce using rule 5 (declC)



state 31

    listaVar  ->  ID . COMA listaVar   (rule 9)
    listaVar  ->  ID .   (rule 11)
    declAsig  ->  ID . op_asig asig   (rule 27)
    declAsig  ->  ID . op_asig expr   (rule 28)
    declAsig  ->  ID . op_asig ID callFunc   (rule 29)

    COMA	shift, and go to state 16
    ASIGNACION	shift, and go to state 17
    ASIGNACION_MAS	shift, and go to state 18
    ASIGNACION_MENOS	shift, and go to state 19
    ASIGNACION_POR	shift, and go to state 20
    ASIGNACION_ENTRE	shift, and go to state 21

    $default	reduce using rule 11 (listaVar)

    op_asig	go to state 23



state 32

    listaVar  ->  ID COMA listaVar .   (rule 9)

    $default	reduce using rule 9 (listaVar)



state 33

    declC  ->  Tipo ID declFun bloqueFun .   (rule 6)

    $default	reduce using rule 6 (declC)



state 34

    declAsig  ->  ID op_asig ID . callFunc   (rule 29)
    asig  ->  ID . op_asig asig   (rule 30)
    asig  ->  ID . op_asig expr   (rule 31)
    asig  ->  ID . op_asig ID callFunc   (rule 32)
    term  ->  ID .   (rule 91)

    PARENTESIS_IZQUIERDO	shift, and go to state 51
    ASIGNACION	shift, and go to state 17
    ASIGNACION_MAS	shift, and go to state 18
    ASIGNACION_MENOS	shift, and go to state 19
    ASIGNACION_POR	shift, and go to state 20
    ASIGNACION_ENTRE	shift, and go to state 21

    $default	reduce using rule 91 (term)

    op_asig	go to state 52
    callFunc	go to state 53



state 35

    term  ->  NUM_INT .   (rule 92)

    $default	reduce using rule 92 (term)



state 36

    term  ->  NUM_FLOAT .   (rule 93)

    $default	reduce using rule 93 (term)



state 37

    term  ->  PARENTESIS_IZQUIERDO . expr PARENTESIS_DERECHO   (rule 94)

    ID  	shift, and go to state 54
    NUM_INT	shift, and go to state 35
    NUM_FLOAT	shift, and go to state 36
    PARENTESIS_IZQUIERDO	shift, and go to state 37
    NEGACION	shift, and go to state 38
    INCREMENTO	shift, and go to state 39
    DECREMENTO	shift, and go to state 40
    B_TRUE	shift, and go to state 41
    B_FALSE	shift, and go to state 42

    expr	go to state 55
    incrementos	go to state 45
    term	go to state 46



state 38

    expr  ->  NEGACION . term   (rule 85)

    ID  	shift, and go to state 54
    NUM_INT	shift, and go to state 35
    NUM_FLOAT	shift, and go to state 36
    PARENTESIS_IZQUIERDO	shift, and go to state 37

    term	go to state 56



state 39

    incrementos  ->  INCREMENTO . term   (rule 87)

    ID  	shift, and go to state 54
    NUM_INT	shift, and go to state 35
    NUM_FLOAT	shift, and go to state 36
    PARENTESIS_IZQUIERDO	shift, and go to state 37

    term	go to state 57



state 40

    incrementos  ->  DECREMENTO . term   (rule 88)

    ID  	shift, and go to state 54
    NUM_INT	shift, and go to state 35
    NUM_FLOAT	shift, and go to state 36
    PARENTESIS_IZQUIERDO	shift, and go to state 37

    term	go to state 58



state 41

    expr  ->  B_TRUE .   (rule 83)

    $default	reduce using rule 83 (expr)



state 42

    expr  ->  B_FALSE .   (rule 84)

    $default	reduce using rule 84 (expr)



state 43

    declAsig  ->  ID op_asig asig .   (rule 27)

    $default	reduce using rule 27 (declAsig)



state 44

    declAsig  ->  ID op_asig expr .   (rule 28)

    $default	reduce using rule 28 (declAsig)



state 45

    expr  ->  incrementos .   (rule 86)

    $default	reduce using rule 86 (expr)



state 46

    expr  ->  term . op_bin_arit expr   (rule 80)
    expr  ->  term . op_bin_bool expr   (rule 81)
    expr  ->  term .   (rule 82)
    incrementos  ->  term . INCREMENTO   (rule 89)
    incrementos  ->  term . DECREMENTO   (rule 90)

    OR_LOGICO	shift, and go to state 59
    AND_LOGICO	shift, and go to state 60
    MAS 	shift, and go to state 61
    MENOS	shift, and go to state 62
    POR 	shift, and go to state 63
    ENTRE	shift, and go to state 64
    ELEVADO	shift, and go to state 65
    MODULO	shift, and go to state 66
    IGUALDAD	shift, and go to state 67
    MAYOR	shift, and go to state 68
    MAYOR_IGUAL	shift, and go to state 69
    MENOR	shift, and go to state 70
    MENOR_IGUAL	shift, and go to state 71
    DIFERENTE	shift, and go to state 72
    INCREMENTO	shift, and go to state 73
    DECREMENTO	shift, and go to state 74

    $default	reduce using rule 82 (expr)

    op_bin_arit	go to state 75
    op_bin_bool	go to state 76



state 47

    listaVar  ->  declAsig COMA listaVar .   (rule 8)

    $default	reduce using rule 8 (listaVar)



state 48

    declFun  ->  PARENTESIS_IZQUIERDO Params PARENTESIS_DERECHO .   (rule 7)

    $default	reduce using rule 7 (declFun)



state 49

    listaPar  ->  Tipo ID . COMA listaPar   (rule 14)
    listaPar  ->  Tipo ID .   (rule 15)

    COMA	shift, and go to state 77

    $default	reduce using rule 15 (listaPar)



state 50

    bloqueFun  ->  LLAVE_IZQUIERDA listaInstruc . LLAVE_DERECHA   (rule 16)
    listaInstruc  ->  listaInstruc . instruc   (rule 17)

    T_INT	shift, and go to state 2
    T_FLOAT	shift, and go to state 3
    T_BOOL	shift, and go to state 4
    T_DOUBLE	shift, and go to state 5
    T_LONG	shift, and go to state 6
    ID  	shift, and go to state 78
    LLAVE_DERECHA	shift, and go to state 79
    FOR 	shift, and go to state 80
    WHILE	shift, and go to state 81
    IF  	shift, and go to state 82
    RETURN	shift, and go to state 83
    PRINT	shift, and go to state 84
    IN  	shift, and go to state 85

    instruc	go to state 86
    asig	go to state 87
    declBucle	go to state 88
    declCondicional	go to state 89
    condicionalIf	go to state 90
    tokenIf	go to state 91
    bucleFor	go to state 92
    bucleWhile	go to state 93
    Tipo	go to state 94



state 51

    callFunc  ->  PARENTESIS_IZQUIERDO . listaParam PARENTESIS_DERECHO   (rule 38)

    ID  	shift, and go to state 54
    NUM_INT	shift, and go to state 35
    NUM_FLOAT	shift, and go to state 36
    PARENTESIS_IZQUIERDO	shift, and go to state 37
    NEGACION	shift, and go to state 38
    INCREMENTO	shift, and go to state 39
    DECREMENTO	shift, and go to state 40
    B_TRUE	shift, and go to state 41
    B_FALSE	shift, and go to state 42

    $default	reduce using rule 73 (listaParam)

    listaParam	go to state 95
    expr	go to state 96
    incrementos	go to state 45
    term	go to state 46



state 52

    asig  ->  ID op_asig . asig   (rule 30)
    asig  ->  ID op_asig . expr   (rule 31)
    asig  ->  ID op_asig . ID callFunc   (rule 32)

    ID  	shift, and go to state 97
    NUM_INT	shift, and go to state 35
    NUM_FLOAT	shift, and go to state 36
    PARENTESIS_IZQUIERDO	shift, and go to state 37
    NEGACION	shift, and go to state 38
    INCREMENTO	shift, and go to state 39
    DECREMENTO	shift, and go to state 40
    B_TRUE	shift, and go to state 41
    B_FALSE	shift, and go to state 42

    asig	go to state 98
    expr	go to state 99
    incrementos	go to state 45
    term	go to state 46



state 53

    declAsig  ->  ID op_asig ID callFunc .   (rule 29)

    $default	reduce using rule 29 (declAsig)



state 54

    term  ->  ID .   (rule 91)

    $default	reduce using rule 91 (term)



state 55

    term  ->  PARENTESIS_IZQUIERDO expr . PARENTESIS_DERECHO   (rule 94)

    PARENTESIS_DERECHO	shift, and go to state 100



state 56

    expr  ->  NEGACION term .   (rule 85)

    $default	reduce using rule 85 (expr)



state 57

    incrementos  ->  INCREMENTO term .   (rule 87)

    $default	reduce using rule 87 (incrementos)



state 58

    incrementos  ->  DECREMENTO term .   (rule 88)

    $default	reduce using rule 88 (incrementos)



state 59

    op_bin_bool  ->  OR_LOGICO .   (rule 107)

    $default	reduce using rule 107 (op_bin_bool)



state 60

    op_bin_bool  ->  AND_LOGICO .   (rule 108)

    $default	reduce using rule 108 (op_bin_bool)



state 61

    op_bin_arit  ->  MAS .   (rule 95)

    $default	reduce using rule 95 (op_bin_arit)



state 62

    op_bin_arit  ->  MENOS .   (rule 96)

    $default	reduce using rule 96 (op_bin_arit)



state 63

    op_bin_arit  ->  POR .   (rule 97)

    $default	reduce using rule 97 (op_bin_arit)



state 64

    op_bin_arit  ->  ENTRE .   (rule 98)

    $default	reduce using rule 98 (op_bin_arit)



state 65

    op_bin_arit  ->  ELEVADO .   (rule 99)

    $default	reduce using rule 99 (op_bin_arit)



state 66

    op_bin_arit  ->  MODULO .   (rule 100)

    $default	reduce using rule 100 (op_bin_arit)



state 67

    op_bin_bool  ->  IGUALDAD .   (rule 101)

    $default	reduce using rule 101 (op_bin_bool)



state 68

    op_bin_bool  ->  MAYOR .   (rule 102)

    $default	reduce using rule 102 (op_bin_bool)



state 69

    op_bin_bool  ->  MAYOR_IGUAL .   (rule 103)

    $default	reduce using rule 103 (op_bin_bool)



state 70

    op_bin_bool  ->  MENOR .   (rule 104)

    $default	reduce using rule 104 (op_bin_bool)



state 71

    op_bin_bool  ->  MENOR_IGUAL .   (rule 105)

    $default	reduce using rule 105 (op_bin_bool)



state 72

    op_bin_bool  ->  DIFERENTE .   (rule 106)

    $default	reduce using rule 106 (op_bin_bool)



state 73

    incrementos  ->  term INCREMENTO .   (rule 89)

    $default	reduce using rule 89 (incrementos)



state 74

    incrementos  ->  term DECREMENTO .   (rule 90)

    $default	reduce using rule 90 (incrementos)



state 75

    expr  ->  term op_bin_arit . expr   (rule 80)

    ID  	shift, and go to state 54
    NUM_INT	shift, and go to state 35
    NUM_FLOAT	shift, and go to state 36
    PARENTESIS_IZQUIERDO	shift, and go to state 37
    NEGACION	shift, and go to state 38
    INCREMENTO	shift, and go to state 39
    DECREMENTO	shift, and go to state 40
    B_TRUE	shift, and go to state 41
    B_FALSE	shift, and go to state 42

    expr	go to state 101
    incrementos	go to state 45
    term	go to state 46



state 76

    expr  ->  term op_bin_bool . expr   (rule 81)

    ID  	shift, and go to state 54
    NUM_INT	shift, and go to state 35
    NUM_FLOAT	shift, and go to state 36
    PARENTESIS_IZQUIERDO	shift, and go to state 37
    NEGACION	shift, and go to state 38
    INCREMENTO	shift, and go to state 39
    DECREMENTO	shift, and go to state 40
    B_TRUE	shift, and go to state 41
    B_FALSE	shift, and go to state 42

    expr	go to state 102
    incrementos	go to state 45
    term	go to state 46



state 77

    listaPar  ->  Tipo ID COMA . listaPar   (rule 14)

    T_INT	shift, and go to state 2
    T_FLOAT	shift, and go to state 3
    T_BOOL	shift, and go to state 4
    T_DOUBLE	shift, and go to state 5
    T_LONG	shift, and go to state 6

    listaPar	go to state 103
    Tipo	go to state 28



state 78

    instruc  ->  ID . callFunc PUNTO_Y_COMA   (rule 26)
    asig  ->  ID . op_asig asig   (rule 30)
    asig  ->  ID . op_asig expr   (rule 31)
    asig  ->  ID . op_asig ID callFunc   (rule 32)

    PARENTESIS_IZQUIERDO	shift, and go to state 51
    ASIGNACION	shift, and go to state 17
    ASIGNACION_MAS	shift, and go to state 18
    ASIGNACION_MENOS	shift, and go to state 19
    ASIGNACION_POR	shift, and go to state 20
    ASIGNACION_ENTRE	shift, and go to state 21

    op_asig	go to state 52
    callFunc	go to state 104



state 79

    bloqueFun  ->  LLAVE_IZQUIERDA listaInstruc LLAVE_DERECHA .   (rule 16)

    $default	reduce using rule 16 (bloqueFun)



state 80

    bucleFor  ->  FOR .   (rule 51)

    $default	reduce using rule 51 (bucleFor)



state 81

    bucleWhile  ->  WHILE .   (rule 52)

    $default	reduce using rule 52 (bucleWhile)



state 82

    tokenIf  ->  IF .   (rule 48)

    $default	reduce using rule 48 (tokenIf)



state 83

    instruc  ->  RETURN . expr PUNTO_Y_COMA   (rule 25)

    ID  	shift, and go to state 54
    NUM_INT	shift, and go to state 35
    NUM_FLOAT	shift, and go to state 36
    PARENTESIS_IZQUIERDO	shift, and go to state 37
    NEGACION	shift, and go to state 38
    INCREMENTO	shift, and go to state 39
    DECREMENTO	shift, and go to state 40
    B_TRUE	shift, and go to state 41
    B_FALSE	shift, and go to state 42

    expr	go to state 105
    incrementos	go to state 45
    term	go to state 46



state 84

    instruc  ->  PRINT . expr PUNTO_Y_COMA   (rule 23)

    ID  	shift, and go to state 54
    NUM_INT	shift, and go to state 35
    NUM_FLOAT	shift, and go to state 36
    PARENTESIS_IZQUIERDO	shift, and go to state 37
    NEGACION	shift, and go to state 38
    INCREMENTO	shift, and go to state 39
    DECREMENTO	shift, and go to state 40
    B_TRUE	shift, and go to state 41
    B_FALSE	shift, and go to state 42

    expr	go to state 106
    incrementos	go to state 45
    term	go to state 46



state 85

    instruc  ->  IN . ID PUNTO_Y_COMA   (rule 24)

    ID  	shift, and go to state 107



state 86

    listaInstruc  ->  listaInstruc instruc .   (rule 17)

    $default	reduce using rule 17 (listaInstruc)



state 87

    instruc  ->  asig . PUNTO_Y_COMA   (rule 20)

    PUNTO_Y_COMA	shift, and go to state 108



state 88

    instruc  ->  declBucle .   (rule 21)

    $default	reduce using rule 21 (instruc)



state 89

    instruc  ->  declCondicional .   (rule 22)

    $default	reduce using rule 22 (instruc)



state 90

    declCondicional  ->  condicionalIf . condicionalElse   (rule 42)

    ELSE	shift, and go to state 109

    $default	reduce using rule 46 (condicionalElse)

    condicionalElse	go to state 110
    tokenElse	go to state 111



state 91

    condicionalIf  ->  tokenIf . PARENTESIS_IZQUIERDO condicionIf parDerIf bloqueFun   (rule 43)

    PARENTESIS_IZQUIERDO	shift, and go to state 112



state 92

    declBucle  ->  bucleFor . PARENTESIS_IZQUIERDO initFor PUNTO_Y_COMA condicionFor parBucle bloqueBucle listaAsigFor PUNTO_Y_COMA   (rule 39)

    PARENTESIS_IZQUIERDO	shift, and go to state 113



state 93

    declBucle  ->  bucleWhile . PARENTESIS_IZQUIERDO condicionWhile parBucle bloqueBucle   (rule 40)
    declBucle  ->  bucleWhile . PARENTESIS_IZQUIERDO condicionWhile PARENTESIS_DERECHO bucleDo bloqueBucle   (rule 41)

    PARENTESIS_IZQUIERDO	shift, and go to state 114



state 94

    instruc  ->  Tipo . listaVar PUNTO_Y_COMA   (rule 19)

    ID  	shift, and go to state 31

    listaVar	go to state 115
    declAsig	go to state 13



state 95

    callFunc  ->  PARENTESIS_IZQUIERDO listaParam . PARENTESIS_DERECHO   (rule 38)

    PARENTESIS_DERECHO	shift, and go to state 116



state 96

    listaParam  ->  expr . COMA listaParam   (rule 71)
    listaParam  ->  expr .   (rule 72)

    COMA	shift, and go to state 117

    $default	reduce using rule 72 (listaParam)



state 97

    asig  ->  ID . op_asig asig   (rule 30)
    asig  ->  ID . op_asig expr   (rule 31)
    asig  ->  ID . op_asig ID callFunc   (rule 32)
    asig  ->  ID op_asig ID . callFunc   (rule 32)
    term  ->  ID .   (rule 91)

    PARENTESIS_IZQUIERDO	shift, and go to state 51
    ASIGNACION	shift, and go to state 17
    ASIGNACION_MAS	shift, and go to state 18
    ASIGNACION_MENOS	shift, and go to state 19
    ASIGNACION_POR	shift, and go to state 20
    ASIGNACION_ENTRE	shift, and go to state 21

    $default	reduce using rule 91 (term)

    op_asig	go to state 52
    callFunc	go to state 118



state 98

    asig  ->  ID op_asig asig .   (rule 30)

    $default	reduce using rule 30 (asig)



state 99

    asig  ->  ID op_asig expr .   (rule 31)

    $default	reduce using rule 31 (asig)



state 100

    term  ->  PARENTESIS_IZQUIERDO expr PARENTESIS_DERECHO .   (rule 94)

    $default	reduce using rule 94 (term)



state 101

    expr  ->  term op_bin_arit expr .   (rule 80)

    $default	reduce using rule 80 (expr)



state 102

    expr  ->  term op_bin_bool expr .   (rule 81)

    $default	reduce using rule 81 (expr)



state 103

    listaPar  ->  Tipo ID COMA listaPar .   (rule 14)

    $default	reduce using rule 14 (listaPar)



state 104

    instruc  ->  ID callFunc . PUNTO_Y_COMA   (rule 26)

    PUNTO_Y_COMA	shift, and go to state 119



state 105

    instruc  ->  RETURN expr . PUNTO_Y_COMA   (rule 25)

    PUNTO_Y_COMA	shift, and go to state 120



state 106

    instruc  ->  PRINT expr . PUNTO_Y_COMA   (rule 23)

    PUNTO_Y_COMA	shift, and go to state 121



state 107

    instruc  ->  IN ID . PUNTO_Y_COMA   (rule 24)

    PUNTO_Y_COMA	shift, and go to state 122



state 108

    instruc  ->  asig PUNTO_Y_COMA .   (rule 20)

    $default	reduce using rule 20 (instruc)



state 109

    tokenElse  ->  ELSE .   (rule 47)

    $default	reduce using rule 47 (tokenElse)



state 110

    declCondicional  ->  condicionalIf condicionalElse .   (rule 42)

    $default	reduce using rule 42 (declCondicional)



state 111

    condicionalElse  ->  tokenElse . condicionalIf condicionalElse   (rule 44)
    condicionalElse  ->  tokenElse . bloqueFun   (rule 45)

    LLAVE_IZQUIERDA	shift, and go to state 29
    IF  	shift, and go to state 82

    bloqueFun	go to state 123
    condicionalIf	go to state 124
    tokenIf	go to state 91



state 112

    condicionalIf  ->  tokenIf PARENTESIS_IZQUIERDO . condicionIf parDerIf bloqueFun   (rule 43)

    ID  	shift, and go to state 54
    NUM_INT	shift, and go to state 35
    NUM_FLOAT	shift, and go to state 36
    PARENTESIS_IZQUIERDO	shift, and go to state 37
    NEGACION	shift, and go to state 38
    INCREMENTO	shift, and go to state 39
    DECREMENTO	shift, and go to state 40
    B_TRUE	shift, and go to state 41
    B_FALSE	shift, and go to state 42

    condicionIf	go to state 125
    expr	go to state 126
    incrementos	go to state 45
    term	go to state 46



state 113

    declBucle  ->  bucleFor PARENTESIS_IZQUIERDO . initFor PUNTO_Y_COMA condicionFor parBucle bloqueBucle listaAsigFor PUNTO_Y_COMA   (rule 39)

    T_INT	shift, and go to state 2
    T_FLOAT	shift, and go to state 3
    T_BOOL	shift, and go to state 4
    T_DOUBLE	shift, and go to state 5
    T_LONG	shift, and go to state 6
    ID  	shift, and go to state 127

    $default	reduce using rule 56 (initFor)

    asig	go to state 128
    initFor	go to state 129
    listaVarFor	go to state 130
    Tipo	go to state 131



state 114

    declBucle  ->  bucleWhile PARENTESIS_IZQUIERDO . condicionWhile parBucle bloqueBucle   (rule 40)
    declBucle  ->  bucleWhile PARENTESIS_IZQUIERDO . condicionWhile PARENTESIS_DERECHO bucleDo bloqueBucle   (rule 41)

    ID  	shift, and go to state 54
    NUM_INT	shift, and go to state 35
    NUM_FLOAT	shift, and go to state 36
    PARENTESIS_IZQUIERDO	shift, and go to state 37
    NEGACION	shift, and go to state 38
    INCREMENTO	shift, and go to state 39
    DECREMENTO	shift, and go to state 40
    B_TRUE	shift, and go to state 41
    B_FALSE	shift, and go to state 42

    condicionWhile	go to state 132
    expr	go to state 133
    incrementos	go to state 45
    term	go to state 46



state 115

    instruc  ->  Tipo listaVar . PUNTO_Y_COMA   (rule 19)

    PUNTO_Y_COMA	shift, and go to state 134



state 116

    callFunc  ->  PARENTESIS_IZQUIERDO listaParam PARENTESIS_DERECHO .   (rule 38)

    $default	reduce using rule 38 (callFunc)



state 117

    listaParam  ->  expr COMA . listaParam   (rule 71)

    ID  	shift, and go to state 54
    NUM_INT	shift, and go to state 35
    NUM_FLOAT	shift, and go to state 36
    PARENTESIS_IZQUIERDO	shift, and go to state 37
    NEGACION	shift, and go to state 38
    INCREMENTO	shift, and go to state 39
    DECREMENTO	shift, and go to state 40
    B_TRUE	shift, and go to state 41
    B_FALSE	shift, and go to state 42

    $default	reduce using rule 73 (listaParam)

    listaParam	go to state 135
    expr	go to state 96
    incrementos	go to state 45
    term	go to state 46



state 118

    asig  ->  ID op_asig ID callFunc .   (rule 32)

    $default	reduce using rule 32 (asig)



state 119

    instruc  ->  ID callFunc PUNTO_Y_COMA .   (rule 26)

    $default	reduce using rule 26 (instruc)



state 120

    instruc  ->  RETURN expr PUNTO_Y_COMA .   (rule 25)

    $default	reduce using rule 25 (instruc)



state 121

    instruc  ->  PRINT expr PUNTO_Y_COMA .   (rule 23)

    $default	reduce using rule 23 (instruc)



state 122

    instruc  ->  IN ID PUNTO_Y_COMA .   (rule 24)

    $default	reduce using rule 24 (instruc)



state 123

    condicionalElse  ->  tokenElse bloqueFun .   (rule 45)

    $default	reduce using rule 45 (condicionalElse)



state 124

    condicionalElse  ->  tokenElse condicionalIf . condicionalElse   (rule 44)

    ELSE	shift, and go to state 109

    $default	reduce using rule 46 (condicionalElse)

    condicionalElse	go to state 136
    tokenElse	go to state 111



state 125

    condicionalIf  ->  tokenIf PARENTESIS_IZQUIERDO condicionIf . parDerIf bloqueFun   (rule 43)

    PARENTESIS_DERECHO	shift, and go to state 137

    parDerIf	go to state 138



state 126

    condicionIf  ->  expr .   (rule 49)

    $default	reduce using rule 49 (condicionIf)



state 127

    asig  ->  ID . op_asig asig   (rule 30)
    asig  ->  ID . op_asig expr   (rule 31)
    asig  ->  ID . op_asig ID callFunc   (rule 32)

    ASIGNACION	shift, and go to state 17
    ASIGNACION_MAS	shift, and go to state 18
    ASIGNACION_MENOS	shift, and go to state 19
    ASIGNACION_POR	shift, and go to state 20
    ASIGNACION_ENTRE	shift, and go to state 21

    op_asig	go to state 52



state 128

    listaVarFor  ->  asig . COMA listaVarFor   (rule 57)
    listaVarFor  ->  asig .   (rule 58)

    COMA	shift, and go to state 139

    $default	reduce using rule 58 (listaVarFor)



state 129

    declBucle  ->  bucleFor PARENTESIS_IZQUIERDO initFor . PUNTO_Y_COMA condicionFor parBucle bloqueBucle listaAsigFor PUNTO_Y_COMA   (rule 39)

    PUNTO_Y_COMA	shift, and go to state 140



state 130

    initFor  ->  listaVarFor .   (rule 55)

    $default	reduce using rule 55 (initFor)



state 131

    initFor  ->  Tipo . listaVar   (rule 54)

    ID  	shift, and go to state 31

    listaVar	go to state 141
    declAsig	go to state 13



state 132

    declBucle  ->  bucleWhile PARENTESIS_IZQUIERDO condicionWhile . parBucle bloqueBucle   (rule 40)
    declBucle  ->  bucleWhile PARENTESIS_IZQUIERDO condicionWhile . PARENTESIS_DERECHO bucleDo bloqueBucle   (rule 41)

    PARENTESIS_DERECHO	shift, and go to state 142

    parBucle	go to state 143



state 133

    condicionWhile  ->  expr .   (rule 61)

    $default	reduce using rule 61 (condicionWhile)



state 134

    instruc  ->  Tipo listaVar PUNTO_Y_COMA .   (rule 19)

    $default	reduce using rule 19 (instruc)



state 135

    listaParam  ->  expr COMA listaParam .   (rule 71)

    $default	reduce using rule 71 (listaParam)



state 136

    condicionalElse  ->  tokenElse condicionalIf condicionalElse .   (rule 44)

    $default	reduce using rule 44 (condicionalElse)



state 137

    parDerIf  ->  PARENTESIS_DERECHO .   (rule 50)

    $default	reduce using rule 50 (parDerIf)



state 138

    condicionalIf  ->  tokenIf PARENTESIS_IZQUIERDO condicionIf parDerIf . bloqueFun   (rule 43)

    LLAVE_IZQUIERDA	shift, and go to state 29

    bloqueFun	go to state 144



state 139

    listaVarFor  ->  asig COMA . listaVarFor   (rule 57)

    ID  	shift, and go to state 127

    asig	go to state 128
    listaVarFor	go to state 145



state 140

    declBucle  ->  bucleFor PARENTESIS_IZQUIERDO initFor PUNTO_Y_COMA . condicionFor parBucle bloqueBucle listaAsigFor PUNTO_Y_COMA   (rule 39)

    ID  	shift, and go to state 54
    NUM_INT	shift, and go to state 35
    NUM_FLOAT	shift, and go to state 36
    PARENTESIS_IZQUIERDO	shift, and go to state 37
    NEGACION	shift, and go to state 38
    INCREMENTO	shift, and go to state 39
    DECREMENTO	shift, and go to state 40
    B_TRUE	shift, and go to state 41
    B_FALSE	shift, and go to state 42

    $default	reduce using rule 60 (condicionFor)

    condicionFor	go to state 146
    expr	go to state 147
    incrementos	go to state 45
    term	go to state 46



state 141

    initFor  ->  Tipo listaVar .   (rule 54)

    $default	reduce using rule 54 (initFor)



state 142

    declBucle  ->  bucleWhile PARENTESIS_IZQUIERDO condicionWhile PARENTESIS_DERECHO . bucleDo bloqueBucle   (rule 41)
    parBucle  ->  PARENTESIS_DERECHO .   (rule 62)

    DO  	shift, and go to state 148

    $default	reduce using rule 62 (parBucle)

    bucleDo	go to state 149



state 143

    declBucle  ->  bucleWhile PARENTESIS_IZQUIERDO condicionWhile parBucle . bloqueBucle   (rule 40)

    LLAVE_IZQUIERDA	shift, and go to state 150

    bloqueBucle	go to state 151



state 144

    condicionalIf  ->  tokenIf PARENTESIS_IZQUIERDO condicionIf parDerIf bloqueFun .   (rule 43)

    $default	reduce using rule 43 (condicionalIf)



state 145

    listaVarFor  ->  asig COMA listaVarFor .   (rule 57)

    $default	reduce using rule 57 (listaVarFor)



state 146

    declBucle  ->  bucleFor PARENTESIS_IZQUIERDO initFor PUNTO_Y_COMA condicionFor . parBucle bloqueBucle listaAsigFor PUNTO_Y_COMA   (rule 39)

    PARENTESIS_DERECHO	shift, and go to state 152

    parBucle	go to state 153



state 147

    condicionFor  ->  expr .   (rule 59)

    $default	reduce using rule 59 (condicionFor)



state 148

    bucleDo  ->  DO .   (rule 53)

    $default	reduce using rule 53 (bucleDo)



state 149

    declBucle  ->  bucleWhile PARENTESIS_IZQUIERDO condicionWhile PARENTESIS_DERECHO bucleDo . bloqueBucle   (rule 41)

    LLAVE_IZQUIERDA	shift, and go to state 150

    bloqueBucle	go to state 154



state 150

    bloqueBucle  ->  LLAVE_IZQUIERDA . listaInstrucBucle LLAVE_DERECHA   (rule 74)

    $default	reduce using rule 77 (listaInstrucBucle)

    listaInstrucBucle	go to state 155



state 151

    declBucle  ->  bucleWhile PARENTESIS_IZQUIERDO condicionWhile parBucle bloqueBucle .   (rule 40)

    $default	reduce using rule 40 (declBucle)



state 152

    parBucle  ->  PARENTESIS_DERECHO .   (rule 62)

    $default	reduce using rule 62 (parBucle)



state 153

    declBucle  ->  bucleFor PARENTESIS_IZQUIERDO initFor PUNTO_Y_COMA condicionFor parBucle . bloqueBucle listaAsigFor PUNTO_Y_COMA   (rule 39)

    LLAVE_IZQUIERDA	shift, and go to state 150

    bloqueBucle	go to state 156



state 154

    declBucle  ->  bucleWhile PARENTESIS_IZQUIERDO condicionWhile PARENTESIS_DERECHO bucleDo bloqueBucle .   (rule 41)

    $default	reduce using rule 41 (declBucle)



state 155

    bloqueBucle  ->  LLAVE_IZQUIERDA listaInstrucBucle . LLAVE_DERECHA   (rule 74)
    listaInstrucBucle  ->  listaInstrucBucle . instruc   (rule 75)
    listaInstrucBucle  ->  listaInstrucBucle . instrucBucle   (rule 76)

    T_INT	shift, and go to state 2
    T_FLOAT	shift, and go to state 3
    T_BOOL	shift, and go to state 4
    T_DOUBLE	shift, and go to state 5
    T_LONG	shift, and go to state 6
    ID  	shift, and go to state 78
    LLAVE_DERECHA	shift, and go to state 157
    FOR 	shift, and go to state 80
    WHILE	shift, and go to state 81
    IF  	shift, and go to state 82
    BREAK	shift, and go to state 158
    CONTINUE	shift, and go to state 159
    RETURN	shift, and go to state 83
    PRINT	shift, and go to state 84
    IN  	shift, and go to state 85

    instruc	go to state 160
    asig	go to state 87
    declBucle	go to state 88
    declCondicional	go to state 89
    condicionalIf	go to state 90
    tokenIf	go to state 91
    bucleFor	go to state 92
    bucleWhile	go to state 93
    instrucBucle	go to state 161
    Tipo	go to state 94



state 156

    declBucle  ->  bucleFor PARENTESIS_IZQUIERDO initFor PUNTO_Y_COMA condicionFor parBucle bloqueBucle . listaAsigFor PUNTO_Y_COMA   (rule 39)

    ID  	shift, and go to state 162
    NUM_INT	shift, and go to state 35
    NUM_FLOAT	shift, and go to state 36
    PARENTESIS_IZQUIERDO	shift, and go to state 37
    INCREMENTO	shift, and go to state 39
    DECREMENTO	shift, and go to state 40

    $default	reduce using rule 67 (listaAsigFor)

    asig	go to state 163
    listaAsigFor	go to state 164
    incrementos	go to state 165
    term	go to state 166



state 157

    bloqueBucle  ->  LLAVE_IZQUIERDA listaInstrucBucle LLAVE_DERECHA .   (rule 74)

    $default	reduce using rule 74 (bloqueBucle)



state 158

    instrucBucle  ->  BREAK . PUNTO_Y_COMA   (rule 78)

    PUNTO_Y_COMA	shift, and go to state 167



state 159

    instrucBucle  ->  CONTINUE . PUNTO_Y_COMA   (rule 79)

    PUNTO_Y_COMA	shift, and go to state 168



state 160

    listaInstrucBucle  ->  listaInstrucBucle instruc .   (rule 75)

    $default	reduce using rule 75 (listaInstrucBucle)



state 161

    listaInstrucBucle  ->  listaInstrucBucle instrucBucle .   (rule 76)

    $default	reduce using rule 76 (listaInstrucBucle)



state 162

    asig  ->  ID . op_asig asig   (rule 30)
    asig  ->  ID . op_asig expr   (rule 31)
    asig  ->  ID . op_asig ID callFunc   (rule 32)
    term  ->  ID .   (rule 91)

    ASIGNACION	shift, and go to state 17
    ASIGNACION_MAS	shift, and go to state 18
    ASIGNACION_MENOS	shift, and go to state 19
    ASIGNACION_POR	shift, and go to state 20
    ASIGNACION_ENTRE	shift, and go to state 21

    $default	reduce using rule 91 (term)

    op_asig	go to state 52



state 163

    listaAsigFor  ->  asig . COMA listaAsig   (rule 63)
    listaAsigFor  ->  asig .   (rule 66)

    COMA	shift, and go to state 169

    $default	reduce using rule 66 (listaAsigFor)



state 164

    declBucle  ->  bucleFor PARENTESIS_IZQUIERDO initFor PUNTO_Y_COMA condicionFor parBucle bloqueBucle listaAsigFor . PUNTO_Y_COMA   (rule 39)

    PUNTO_Y_COMA	shift, and go to state 170



state 165

    listaAsigFor  ->  incrementos . COMA listaAsig   (rule 64)
    listaAsigFor  ->  incrementos .   (rule 65)

    COMA	shift, and go to state 171

    $default	reduce using rule 65 (listaAsigFor)



state 166

    incrementos  ->  term . INCREMENTO   (rule 89)
    incrementos  ->  term . DECREMENTO   (rule 90)

    INCREMENTO	shift, and go to state 73
    DECREMENTO	shift, and go to state 74



state 167

    instrucBucle  ->  BREAK PUNTO_Y_COMA .   (rule 78)

    $default	reduce using rule 78 (instrucBucle)



state 168

    instrucBucle  ->  CONTINUE PUNTO_Y_COMA .   (rule 79)

    $default	reduce using rule 79 (instrucBucle)



state 169

    listaAsigFor  ->  asig COMA . listaAsig   (rule 63)

    ID  	shift, and go to state 127

    $default	reduce using rule 70 (listaAsig)

    asig	go to state 172
    listaAsig	go to state 173



state 170

    declBucle  ->  bucleFor PARENTESIS_IZQUIERDO initFor PUNTO_Y_COMA condicionFor parBucle bloqueBucle listaAsigFor PUNTO_Y_COMA .   (rule 39)

    $default	reduce using rule 39 (declBucle)



state 171

    listaAsigFor  ->  incrementos COMA . listaAsig   (rule 64)

    ID  	shift, and go to state 127

    $default	reduce using rule 70 (listaAsig)

    asig	go to state 172
    listaAsig	go to state 174



state 172

    listaAsig  ->  asig . COMA listaAsig   (rule 68)
    listaAsig  ->  asig .   (rule 69)

    COMA	shift, and go to state 175

    $default	reduce using rule 69 (listaAsig)



state 173

    listaAsigFor  ->  asig COMA listaAsig .   (rule 63)

    $default	reduce using rule 63 (listaAsigFor)



state 174

    listaAsigFor  ->  incrementos COMA listaAsig .   (rule 64)

    $default	reduce using rule 64 (listaAsigFor)



state 175

    listaAsig  ->  asig COMA . listaAsig   (rule 68)

    ID  	shift, and go to state 127

    $default	reduce using rule 70 (listaAsig)

    asig	go to state 172
    listaAsig	go to state 176



state 176

    listaAsig  ->  asig COMA listaAsig .   (rule 68)

    $default	reduce using rule 68 (listaAsig)



state 177

    $   	go to state 178



state 178

    $   	go to state 179



state 179

    $default	accept
